This is pdfTeX, Version 3.14159265-2.6-1.40.20 (MiKTeX 2.9.7050 64-bit) (preloaded format=pdflatex 2019.6.14)  17 MAY 2020 21:28
entering extended mode
**./0-intro.tex
(0-intro.tex
LaTeX2e <2018-12-01>
! Undefined control sequence.
l.1 \anonsection
                {–í–≤–µ–¥–µ–Ω–∏–µ}
The control sequence at the end of the top line
of your error message was never \def'ed. If you have
misspelled it (e.g., `\hobx'), type `I' and the correct
spelling (e.g., `I\hbox'). Otherwise just continue,
and I'll forget about whatever was undefined.


! Package inputenc Error: Unicode character –í (U+0412)
(inputenc)                not set up for use with LaTeX.

See the inputenc package documentation for explanation.
Type  H <return>  for immediate help.
 ...                                              
                                                  
l.1 \anonsection{–í
                   –≤–µ–¥–µ–Ω–∏–µ}
You may provide a definition with
\DeclareUnicodeCharacter 


! Package inputenc Error: Unicode character –≤ (U+0432)
(inputenc)                not set up for use with LaTeX.

See the inputenc package documentation for explanation.
Type  H <return>  for immediate help.
 ...                                              
                                                  
l.1 \anonsection{–í–≤
                     –µ–¥–µ–Ω–∏–µ}
You may provide a definition with
\DeclareUnicodeCharacter 


! Package inputenc Error: Unicode character –µ (U+0435)
(inputenc)                not set up for use with LaTeX.

See the inputenc package documentation for explanation.
Type  H <return>  for immediate help.
 ...                                              
                                                  
l.1 \anonsection{–í–≤–µ
                       –¥–µ–Ω–∏–µ}
You may provide a definition with
\DeclareUnicodeCharacter 


! Package inputenc Error: Unicode character –¥ (U+0434)
(inputenc)                not set up for use with LaTeX.

See the inputenc package documentation for explanation.
Type  H <return>  for immediate help.
 ...                                              
                                                  
l.1 \anonsection{–í–≤–µ–¥
                         –µ–Ω–∏–µ}
You may provide a definition with
\DeclareUnicodeCharacter 


! Package inputenc Error: Unicode character –µ (U+0435)
(inputenc)                not set up for use with LaTeX.

See the inputenc package documentation for explanation.
Type  H <return>  for immediate help.
 ...                                              
                                                  
l.1 \anonsection{–í–≤–µ–¥–µ
                           –Ω–∏–µ}
You may provide a definition with
\DeclareUnicodeCharacter 


! Package inputenc Error: Unicode character –Ω (U+043D)
(inputenc)                not set up for use with LaTeX.

See the inputenc package documentation for explanation.
Type  H <return>  for immediate help.
 ...                                              
                                                  
l.1 \anonsection{–í–≤–µ–¥–µ–Ω
                             –∏–µ}
You may provide a definition with
\DeclareUnicodeCharacter 


! Package inputenc Error: Unicode character –∏ (U+0438)
(inputenc)                not set up for use with LaTeX.

See the inputenc package documentation for explanation.
Type  H <return>  for immediate help.
 ...                                              
                                                  
l.1 \anonsection{–í–≤–µ–¥–µ–Ω–∏
                               –µ}
You may provide a definition with
\DeclareUnicodeCharacter 


! Package inputenc Error: Unicode character –µ (U+0435)
(inputenc)                not set up for use with LaTeX.

See the inputenc package documentation for explanation.
Type  H <return>  for immediate help.
 ...                                              
                                                  
l.1 \anonsection{–í–≤–µ–¥–µ–Ω–∏–µ
                                 }
You may provide a definition with
\DeclareUnicodeCharacter 


! Package inputenc Error: Unicode character –û (U+041E)
(inputenc)                not set up for use with LaTeX.

See the inputenc package documentation for explanation.
Type  H <return>  for immediate help.
 ...                                              
                                                  
l.3 –û
      –±–ª–∞—á–Ω—ã–µ —É—Å–ª—É–≥–∏ --- —ç—Ç–æ —Å–ø–æ—Å–æ–± –ø—Ä–µ–¥–æ—Å—Ç–∞–≤...

You may provide a definition with
\DeclareUnicodeCharacter 


! Package inputenc Error: Unicode character –± (U+0431)
(inputenc)                not set up for use with LaTeX.

See the inputenc package documentation for explanation.
Type  H <return>  for immediate help.
 ...                                              
                                                  
l.3 –û–±
        –ª–∞—á–Ω—ã–µ —É—Å–ª—É–≥–∏ --- —ç—Ç–æ —Å–ø–æ—Å–æ–± –ø—Ä–µ–¥–æ—Å—Ç–∞–≤...

You may provide a definition with
\DeclareUnicodeCharacter 


! Package inputenc Error: Unicode character –ª (U+043B)
(inputenc)                not set up for use with LaTeX.

See the inputenc package documentation for explanation.
Type  H <return>  for immediate help.
 ...                                              
                                                  
l.3 –û–±–ª
          –∞—á–Ω—ã–µ —É—Å–ª—É–≥–∏ --- —ç—Ç–æ —Å–ø–æ—Å–æ–± –ø—Ä–µ–¥–æ—Å—Ç–∞–≤...

You may provide a definition with
\DeclareUnicodeCharacter 


! Package inputenc Error: Unicode character –∞ (U+0430)
(inputenc)                not set up for use with LaTeX.

See the inputenc package documentation for explanation.
Type  H <return>  for immediate help.
 ...                                              
                                                  
l.3 –û–±–ª–∞
            —á–Ω—ã–µ —É—Å–ª—É–≥–∏ --- —ç—Ç–æ —Å–ø–æ—Å–æ–± –ø—Ä–µ–¥–æ—Å—Ç–∞–≤...

You may provide a definition with
\DeclareUnicodeCharacter 


! Package inputenc Error: Unicode character —á (U+0447)
(inputenc)                not set up for use with LaTeX.

See the inputenc package documentation for explanation.
Type  H <return>  for immediate help.
 ...                                              
                                                  
l.3 –û–±–ª–∞—á
              –Ω—ã–µ —É—Å–ª—É–≥–∏ --- —ç—Ç–æ —Å–ø–æ—Å–æ–± –ø—Ä–µ–¥–æ—Å—Ç–∞–≤...

You may provide a definition with
\DeclareUnicodeCharacter 


! Package inputenc Error: Unicode character –Ω (U+043D)
(inputenc)                not set up for use with LaTeX.

See the inputenc package documentation for explanation.
Type  H <return>  for immediate help.
 ...                                              
                                                  
l.3 –û–±–ª–∞—á–Ω
                —ã–µ —É—Å–ª—É–≥–∏ --- —ç—Ç–æ —Å–ø–æ—Å–æ–± –ø—Ä–µ–¥–æ—Å—Ç–∞–≤...

You may provide a definition with
\DeclareUnicodeCharacter 


! Package inputenc Error: Unicode character —ã (U+044B)
(inputenc)                not set up for use with LaTeX.

See the inputenc package documentation for explanation.
Type  H <return>  for immediate help.
 ...                                              
                                                  
l.3 –û–±–ª–∞—á–Ω—ã
                  –µ —É—Å–ª—É–≥–∏ --- —ç—Ç–æ —Å–ø–æ—Å–æ–± –ø—Ä–µ–¥–æ—Å—Ç–∞–≤...

You may provide a definition with
\DeclareUnicodeCharacter 


! Package inputenc Error: Unicode character –µ (U+0435)
(inputenc)                not set up for use with LaTeX.

See the inputenc package documentation for explanation.
Type  H <return>  for immediate help.
 ...                                              
                                                  
l.3 –û–±–ª–∞—á–Ω—ã–µ
                     —É—Å–ª—É–≥–∏ --- —ç—Ç–æ —Å–ø–æ—Å–æ–± –ø—Ä–µ–¥–æ—Å—Ç–∞–≤...

You may provide a definition with
\DeclareUnicodeCharacter 


! Package inputenc Error: Unicode character —É (U+0443)
(inputenc)                not set up for use with LaTeX.

See the inputenc package documentation for explanation.
Type  H <return>  for immediate help.
 ...                                              
                                                  
l.3 –û–±–ª–∞—á–Ω—ã–µ —É
                       —Å–ª—É–≥–∏ --- —ç—Ç–æ —Å–ø–æ—Å–æ–± –ø—Ä–µ–¥–æ—Å—Ç–∞–≤...

You may provide a definition with
\DeclareUnicodeCharacter 


! Package inputenc Error: Unicode character —Å (U+0441)
(inputenc)                not set up for use with LaTeX.

See the inputenc package documentation for explanation.
Type  H <return>  for immediate help.
 ...                                              
                                                  
l.3 –û–±–ª–∞—á–Ω—ã–µ —É—Å
                         –ª—É–≥–∏ --- —ç—Ç–æ —Å–ø–æ—Å–æ–± –ø—Ä–µ–¥–æ—Å—Ç–∞–≤...

You may provide a definition with
\DeclareUnicodeCharacter 


! Package inputenc Error: Unicode character –ª (U+043B)
(inputenc)                not set up for use with LaTeX.

See the inputenc package documentation for explanation.
Type  H <return>  for immediate help.
 ...                                              
                                                  
l.3 –û–±–ª–∞—á–Ω—ã–µ —É—Å–ª
                           —É–≥–∏ --- —ç—Ç–æ —Å–ø–æ—Å–æ–± –ø—Ä–µ–¥–æ—Å—Ç–∞–≤...

You may provide a definition with
\DeclareUnicodeCharacter 


! Package inputenc Error: Unicode character —É (U+0443)
(inputenc)                not set up for use with LaTeX.

See the inputenc package documentation for explanation.
Type  H <return>  for immediate help.
 ...                                              
                                                  
l.3 –û–±–ª–∞—á–Ω—ã–µ —É—Å–ª—É
                             –≥–∏ --- —ç—Ç–æ —Å–ø–æ—Å–æ–± –ø—Ä–µ–¥–æ—Å—Ç–∞–≤...

You may provide a definition with
\DeclareUnicodeCharacter 


! Package inputenc Error: Unicode character –≥ (U+0433)
(inputenc)                not set up for use with LaTeX.

See the inputenc package documentation for explanation.
Type  H <return>  for immediate help.
 ...                                              
                                                  
l.3 –û–±–ª–∞—á–Ω—ã–µ —É—Å–ª—É–≥
                               –∏ --- —ç—Ç–æ —Å–ø–æ—Å–æ–± –ø—Ä–µ–¥–æ—Å—Ç–∞–≤...

You may provide a definition with
\DeclareUnicodeCharacter 


! Package inputenc Error: Unicode character –∏ (U+0438)
(inputenc)                not set up for use with LaTeX.

See the inputenc package documentation for explanation.
Type  H <return>  for immediate help.
 ...                                              
                                                  
l.3 –û–±–ª–∞—á–Ω—ã–µ —É—Å–ª—É–≥–∏
                                  --- —ç—Ç–æ —Å–ø–æ—Å–æ–± –ø—Ä–µ–¥–æ—Å—Ç–∞–≤...

You may provide a definition with
\DeclareUnicodeCharacter 


! LaTeX Error: Missing \begin{document}.

See the LaTeX manual or LaTeX Companion for explanation.
Type  H <return>  for immediate help.
 ...                                              
                                                  
l.3 –û–±–ª–∞—á–Ω—ã–µ —É—Å–ª—É–≥–∏ -
                                   -- —ç—Ç–æ —Å–ø–æ—Å–æ–± –ø—Ä–µ–¥–æ—Å—Ç–∞–≤...

You're in trouble here.  Try typing  <return>  to proceed.
If that doesn't work, type  X <return>  to quit.

Missing character: There is no - in font nullfont!
Missing character: There is no - in font nullfont!
Missing character: There is no - in font nullfont!

! Package inputenc Error: Unicode character —ç (U+044D)
(inputenc)                not set up for use with LaTeX.

See the inputenc package documentation for explanation.
Type  H <return>  for immediate help.
 ...                                              
                                                  
l.3 –û–±–ª–∞—á–Ω—ã–µ —É—Å–ª—É–≥–∏ --- —ç
                                        —Ç–æ —Å–ø–æ—Å–æ–± –ø—Ä–µ–¥–æ—Å—Ç–∞–≤...

You may provide a definition with
\DeclareUnicodeCharacter 


! Package inputenc Error: Unicode character —Ç (U+0442)
(inputenc)                not set up for use with LaTeX.

See the inputenc package documentation for explanation.
Type  H <return>  for immediate help.
 ...                                              
                                                  
l.3 –û–±–ª–∞—á–Ω—ã–µ —É—Å–ª—É–≥–∏ --- —ç—Ç
                                          –æ —Å–ø–æ—Å–æ–± –ø—Ä–µ–¥–æ—Å—Ç–∞–≤...

You may provide a definition with
\DeclareUnicodeCharacter 


! Package inputenc Error: Unicode character –æ (U+043E)
(inputenc)                not set up for use with LaTeX.

See the inputenc package documentation for explanation.
Type  H <return>  for immediate help.
 ...                                              
                                                  
l.3 –û–±–ª–∞—á–Ω—ã–µ —É—Å–ª—É–≥–∏ --- —ç—Ç–æ
                                             —Å–ø–æ—Å–æ–± –ø—Ä–µ–¥–æ—Å—Ç–∞–≤...

You may provide a definition with
\DeclareUnicodeCharacter 


! Package inputenc Error: Unicode character —Å (U+0441)
(inputenc)                not set up for use with LaTeX.

See the inputenc package documentation for explanation.
Type  H <return>  for immediate help.
 ...                                              
                                                  
l.3 –û–±–ª–∞—á–Ω—ã–µ —É—Å–ª—É–≥–∏ --- —ç—Ç–æ —Å
                                               –ø–æ—Å–æ–± –ø—Ä–µ–¥–æ—Å—Ç–∞–≤...

You may provide a definition with
\DeclareUnicodeCharacter 


! Package inputenc Error: Unicode character –ø (U+043F)
(inputenc)                not set up for use with LaTeX.

See the inputenc package documentation for explanation.
Type  H <return>  for immediate help.
 ...                                              
                                                  
l.3 –û–±–ª–∞—á–Ω—ã–µ —É—Å–ª—É–≥–∏ --- —ç—Ç–æ —Å–ø
                                                 –æ—Å–æ–± –ø—Ä–µ–¥–æ—Å—Ç–∞–≤...

You may provide a definition with
\DeclareUnicodeCharacter 


! Package inputenc Error: Unicode character –æ (U+043E)
(inputenc)                not set up for use with LaTeX.

See the inputenc package documentation for explanation.
Type  H <return>  for immediate help.
 ...                                              
                                                  
l.3 ...–ª–∞—á–Ω—ã–µ —É—Å–ª—É–≥–∏ --- —ç—Ç–æ —Å–ø–æ
                                                  —Å–æ–± –ø—Ä–µ–¥–æ—Å—Ç–∞–≤–...

You may provide a definition with
\DeclareUnicodeCharacter 


! Package inputenc Error: Unicode character —Å (U+0441)
(inputenc)                not set up for use with LaTeX.

See the inputenc package documentation for explanation.
Type  H <return>  for immediate help.
 ...                                              
                                                  
l.3 ...–∞—á–Ω—ã–µ —É—Å–ª—É–≥–∏ --- —ç—Ç–æ —Å–ø–æ—Å
                                                  –æ–± –ø—Ä–µ–¥–æ—Å—Ç–∞–≤–ª–...

You may provide a definition with
\DeclareUnicodeCharacter 


! Package inputenc Error: Unicode character –æ (U+043E)
(inputenc)                not set up for use with LaTeX.

See the inputenc package documentation for explanation.
Type  H <return>  for immediate help.
 ...                                              
                                                  
l.3 ...—á–Ω—ã–µ —É—Å–ª—É–≥–∏ --- —ç—Ç–æ —Å–ø–æ—Å–æ
                                                  –± –ø—Ä–µ–¥–æ—Å—Ç–∞–≤–ª–µ–...

You may provide a definition with
\DeclareUnicodeCharacter 


! Package inputenc Error: Unicode character –± (U+0431)
(inputenc)                not set up for use with LaTeX.

See the inputenc package documentation for explanation.
Type  H <return>  for immediate help.
 ...                                              
                                                  
l.3 ...–Ω—ã–µ —É—Å–ª—É–≥–∏ --- —ç—Ç–æ —Å–ø–æ—Å–æ–±
                                                   –ø—Ä–µ–¥–æ—Å—Ç–∞–≤–ª–µ–Ω–...

You may provide a definition with
\DeclareUnicodeCharacter 


! Package inputenc Error: Unicode character –ø (U+043F)
(inputenc)                not set up for use with LaTeX.

See the inputenc package documentation for explanation.
Type  H <return>  for immediate help.
 ...                                              
                                                  
l.3 ...ã–µ —É—Å–ª—É–≥–∏ --- —ç—Ç–æ —Å–ø–æ—Å–æ–± –ø
                                                  —Ä–µ–¥–æ—Å—Ç–∞–≤–ª–µ–Ω–∏—è...

You may provide a definition with
\DeclareUnicodeCharacter 


! Package inputenc Error: Unicode character —Ä (U+0440)
(inputenc)                not set up for use with LaTeX.

See the inputenc package documentation for explanation.
Type  H <return>  for immediate help.
 ...                                              
                                                  
l.3 ...µ —É—Å–ª—É–≥–∏ --- —ç—Ç–æ —Å–ø–æ—Å–æ–± –ø—Ä
                                                  –µ–¥–æ—Å—Ç–∞–≤–ª–µ–Ω–∏—è, ...

You may provide a definition with
\DeclareUnicodeCharacter 


! Package inputenc Error: Unicode character –µ (U+0435)
(inputenc)                not set up for use with LaTeX.

See the inputenc package documentation for explanation.
Type  H <return>  for immediate help.
 ...                                              
                                                  
l.3 ...—É—Å–ª—É–≥–∏ --- —ç—Ç–æ —Å–ø–æ—Å–æ–± –ø—Ä–µ
                                                  –¥–æ—Å—Ç–∞–≤–ª–µ–Ω–∏—è, –ø...

You may provide a definition with
\DeclareUnicodeCharacter 


! Package inputenc Error: Unicode character –¥ (U+0434)
(inputenc)                not set up for use with LaTeX.

See the inputenc package documentation for explanation.
Type  H <return>  for immediate help.
 ...                                              
                                                  
l.3 ...—Å–ª—É–≥–∏ --- —ç—Ç–æ —Å–ø–æ—Å–æ–± –ø—Ä–µ–¥
                                                  –æ—Å—Ç–∞–≤–ª–µ–Ω–∏—è, –ø–æ...

You may provide a definition with
\DeclareUnicodeCharacter 


! Package inputenc Error: Unicode character –æ (U+043E)
(inputenc)                not set up for use with LaTeX.

See the inputenc package documentation for explanation.
Type  H <return>  for immediate help.
 ...                                              
                                                  
l.3 ...–ª—É–≥–∏ --- —ç—Ç–æ —Å–ø–æ—Å–æ–± –ø—Ä–µ–¥–æ
                                                  —Å—Ç–∞–≤–ª–µ–Ω–∏—è, –ø–æ—Ç...

You may provide a definition with
\DeclareUnicodeCharacter 


! Package inputenc Error: Unicode character —Å (U+0441)
(inputenc)                not set up for use with LaTeX.

See the inputenc package documentation for explanation.
Type  H <return>  for immediate help.
 ...                                              
                                                  
l.3 ...—É–≥–∏ --- —ç—Ç–æ —Å–ø–æ—Å–æ–± –ø—Ä–µ–¥–æ—Å
                                                  —Ç–∞–≤–ª–µ–Ω–∏—è, –ø–æ—Ç—Ä...

You may provide a definition with
\DeclareUnicodeCharacter 


! Package inputenc Error: Unicode character —Ç (U+0442)
(inputenc)                not set up for use with LaTeX.

See the inputenc package documentation for explanation.
Type  H <return>  for immediate help.
 ...                                              
                                                  
l.3 ...–≥–∏ --- —ç—Ç–æ —Å–ø–æ—Å–æ–± –ø—Ä–µ–¥–æ—Å—Ç
                                                  –∞–≤–ª–µ–Ω–∏—è, –ø–æ—Ç—Ä–µ...

You may provide a definition with
\DeclareUnicodeCharacter 


! Package inputenc Error: Unicode character –∞ (U+0430)
(inputenc)                not set up for use with LaTeX.

See the inputenc package documentation for explanation.
Type  H <return>  for immediate help.
 ...                                              
                                                  
l.3 ...–∏ --- —ç—Ç–æ —Å–ø–æ—Å–æ–± –ø—Ä–µ–¥–æ—Å—Ç–∞
                                                  –≤–ª–µ–Ω–∏—è, –ø–æ—Ç—Ä–µ–±...

You may provide a definition with
\DeclareUnicodeCharacter 


! Package inputenc Error: Unicode character –≤ (U+0432)
(inputenc)                not set up for use with LaTeX.

See the inputenc package documentation for explanation.
Type  H <return>  for immediate help.
 ...                                              
                                                  
l.3 ... --- —ç—Ç–æ —Å–ø–æ—Å–æ–± –ø—Ä–µ–¥–æ—Å—Ç–∞–≤
                                                  –ª–µ–Ω–∏—è, –ø–æ—Ç—Ä–µ–±–ª...

You may provide a definition with
\DeclareUnicodeCharacter 


! Package inputenc Error: Unicode character –ª (U+043B)
(inputenc)                not set up for use with LaTeX.

See the inputenc package documentation for explanation.
Type  H <return>  for immediate help.
 ...                                              
                                                  
l.3 ...-- —ç—Ç–æ —Å–ø–æ—Å–æ–± –ø—Ä–µ–¥–æ—Å—Ç–∞–≤–ª
                                                  –µ–Ω–∏—è, –ø–æ—Ç—Ä–µ–±–ª–µ...

You may provide a definition with
\DeclareUnicodeCharacter 


! Package inputenc Error: Unicode character –µ (U+0435)
(inputenc)                not set up for use with LaTeX.

See the inputenc package documentation for explanation.
Type  H <return>  for immediate help.
 ...                                              
                                                  
l.3 ... —ç—Ç–æ —Å–ø–æ—Å–æ–± –ø—Ä–µ–¥–æ—Å—Ç–∞–≤–ª–µ
                                                  –Ω–∏—è, –ø–æ—Ç—Ä–µ–±–ª–µ–Ω...

You may provide a definition with
\DeclareUnicodeCharacter 


! Package inputenc Error: Unicode character –Ω (U+043D)
(inputenc)                not set up for use with LaTeX.

See the inputenc package documentation for explanation.
Type  H <return>  for immediate help.
 ...                                              
                                                  
l.3 ...ç—Ç–æ —Å–ø–æ—Å–æ–± –ø—Ä–µ–¥–æ—Å—Ç–∞–≤–ª–µ–Ω
                                                  –∏—è, –ø–æ—Ç—Ä–µ–±–ª–µ–Ω–∏...

You may provide a definition with
\DeclareUnicodeCharacter 


! Package inputenc Error: Unicode character –∏ (U+0438)
(inputenc)                not set up for use with LaTeX.

See the inputenc package documentation for explanation.
Type  H <return>  for immediate help.
 ...                                              
                                                  
l.3 ...Ç–æ —Å–ø–æ—Å–æ–± –ø—Ä–µ–¥–æ—Å—Ç–∞–≤–ª–µ–Ω–∏
                                                  —è, –ø–æ—Ç—Ä–µ–±–ª–µ–Ω–∏—è...

You may provide a definition with
\DeclareUnicodeCharacter 


! Package inputenc Error: Unicode character —è (U+044F)
(inputenc)                not set up for use with LaTeX.

See the inputenc package documentation for explanation.
Type  H <return>  for immediate help.
 ...                                              
                                                  
l.3 ...æ —Å–ø–æ—Å–æ–± –ø—Ä–µ–¥–æ—Å—Ç–∞–≤–ª–µ–Ω–∏—è
                                                  , –ø–æ—Ç—Ä–µ–±–ª–µ–Ω–∏—è –...

You may provide a definition with
\DeclareUnicodeCharacter 

Missing character: There is no , in font nullfont!

! Package inputenc Error: Unicode character –ø (U+043F)
(inputenc)                not set up for use with LaTeX.

See the inputenc package documentation for explanation.
Type  H <return>  for immediate help.
 ...                                              
                                                  
l.3 ...–ø–æ—Å–æ–± –ø—Ä–µ–¥–æ—Å—Ç–∞–≤–ª–µ–Ω–∏—è, –ø
                                                  –æ—Ç—Ä–µ–±–ª–µ–Ω–∏—è –∏ —É...

You may provide a definition with
\DeclareUnicodeCharacter 


! Package inputenc Error: Unicode character –æ (U+043E)
(inputenc)                not set up for use with LaTeX.

See the inputenc package documentation for explanation.
Type  H <return>  for immediate help.
 ...                                              
                                                  
l.3 ...–æ—Å–æ–± –ø—Ä–µ–¥–æ—Å—Ç–∞–≤–ª–µ–Ω–∏—è, –ø–æ
                                                  —Ç—Ä–µ–±–ª–µ–Ω–∏—è –∏ —É–ø...

You may provide a definition with
\DeclareUnicodeCharacter 


! Package inputenc Error: Unicode character —Ç (U+0442)
(inputenc)                not set up for use with LaTeX.

See the inputenc package documentation for explanation.
Type  H <return>  for immediate help.
 ...                                              
                                                  
l.3 ...—Å–æ–± –ø—Ä–µ–¥–æ—Å—Ç–∞–≤–ª–µ–Ω–∏—è, –ø–æ—Ç
                                                  —Ä–µ–±–ª–µ–Ω–∏—è –∏ —É–ø—Ä...

You may provide a definition with
\DeclareUnicodeCharacter 


! Package inputenc Error: Unicode character —Ä (U+0440)
(inputenc)                not set up for use with LaTeX.

See the inputenc package documentation for explanation.
Type  H <return>  for immediate help.
 ...                                              
                                                  
l.3 ...–æ–± –ø—Ä–µ–¥–æ—Å—Ç–∞–≤–ª–µ–Ω–∏—è, –ø–æ—Ç—Ä
                                                  –µ–±–ª–µ–Ω–∏—è –∏ —É–ø—Ä–∞...

You may provide a definition with
\DeclareUnicodeCharacter 


! Package inputenc Error: Unicode character –µ (U+0435)
(inputenc)                not set up for use with LaTeX.

See the inputenc package documentation for explanation.
Type  H <return>  for immediate help.
 ...                                              
                                                  
l.3 ...–± –ø—Ä–µ–¥–æ—Å—Ç–∞–≤–ª–µ–Ω–∏—è, –ø–æ—Ç—Ä–µ
                                                  –±–ª–µ–Ω–∏—è –∏ —É–ø—Ä–∞–≤...

You may provide a definition with
\DeclareUnicodeCharacter 


! Package inputenc Error: Unicode character –± (U+0431)
(inputenc)                not set up for use with LaTeX.

See the inputenc package documentation for explanation.
Type  H <return>  for immediate help.
 ...                                              
                                                  
l.3 ... –ø—Ä–µ–¥–æ—Å—Ç–∞–≤–ª–µ–Ω–∏—è, –ø–æ—Ç—Ä–µ–±
                                                  –ª–µ–Ω–∏—è –∏ —É–ø—Ä–∞–≤–ª...

You may provide a definition with
\DeclareUnicodeCharacter 


! Package inputenc Error: Unicode character –ª (U+043B)
(inputenc)                not set up for use with LaTeX.

See the inputenc package documentation for explanation.
Type  H <return>  for immediate help.
 ...                                              
                                                  
l.3 ...ø—Ä–µ–¥–æ—Å—Ç–∞–≤–ª–µ–Ω–∏—è, –ø–æ—Ç—Ä–µ–±–ª
                                                  –µ–Ω–∏—è –∏ —É–ø—Ä–∞–≤–ª–µ...

You may provide a definition with
\DeclareUnicodeCharacter 


! Package inputenc Error: Unicode character –µ (U+0435)
(inputenc)                not set up for use with LaTeX.

See the inputenc package documentation for explanation.
Type  H <return>  for immediate help.
 ...                                              
                                                  
l.3 ...Ä–µ–¥–æ—Å—Ç–∞–≤–ª–µ–Ω–∏—è, –ø–æ—Ç—Ä–µ–±–ª–µ
                                                  –Ω–∏—è –∏ —É–ø—Ä–∞–≤–ª–µ–Ω...

You may provide a definition with
\DeclareUnicodeCharacter 


! Package inputenc Error: Unicode character –Ω (U+043D)
(inputenc)                not set up for use with LaTeX.

See the inputenc package documentation for explanation.
Type  H <return>  for immediate help.
 ...                                              
                                                  
l.3 ...µ–¥–æ—Å—Ç–∞–≤–ª–µ–Ω–∏—è, –ø–æ—Ç—Ä–µ–±–ª–µ–Ω
                                                  –∏—è –∏ —É–ø—Ä–∞–≤–ª–µ–Ω–∏...

You may provide a definition with
\DeclareUnicodeCharacter 


! Package inputenc Error: Unicode character –∏ (U+0438)
(inputenc)                not set up for use with LaTeX.

See the inputenc package documentation for explanation.
Type  H <return>  for immediate help.
 ...                                              
                                                  
l.3 ...¥–æ—Å—Ç–∞–≤–ª–µ–Ω–∏—è, –ø–æ—Ç—Ä–µ–±–ª–µ–Ω–∏
                                                  —è –∏ —É–ø—Ä–∞–≤–ª–µ–Ω–∏—è...

You may provide a definition with
\DeclareUnicodeCharacter 


! Package inputenc Error: Unicode character —è (U+044F)
(inputenc)                not set up for use with LaTeX.

See the inputenc package documentation for explanation.
Type  H <return>  for immediate help.
 ...                                              
                                                  
l.3 ...æ—Å—Ç–∞–≤–ª–µ–Ω–∏—è, –ø–æ—Ç—Ä–µ–±–ª–µ–Ω–∏—è
                                                   –∏ —É–ø—Ä–∞–≤–ª–µ–Ω–∏—è —...

You may provide a definition with
\DeclareUnicodeCharacter 


! Package inputenc Error: Unicode character –∏ (U+0438)
(inputenc)                not set up for use with LaTeX.

See the inputenc package documentation for explanation.
Type  H <return>  for immediate help.
 ...                                              
                                                  
l.3 ...—Ç–∞–≤–ª–µ–Ω–∏—è, –ø–æ—Ç—Ä–µ–±–ª–µ–Ω–∏—è –∏
                                                   —É–ø—Ä–∞–≤–ª–µ–Ω–∏—è —Ç–µ...

You may provide a definition with
\DeclareUnicodeCharacter 


! Package inputenc Error: Unicode character —É (U+0443)
(inputenc)                not set up for use with LaTeX.

See the inputenc package documentation for explanation.
Type  H <return>  for immediate help.
 ...                                              
                                                  
l.3 ...∞–≤–ª–µ–Ω–∏—è, –ø–æ—Ç—Ä–µ–±–ª–µ–Ω–∏—è –∏ —É
                                                  –ø—Ä–∞–≤–ª–µ–Ω–∏—è —Ç–µ—Ö–...

You may provide a definition with
\DeclareUnicodeCharacter 


! Package inputenc Error: Unicode character –ø (U+043F)
(inputenc)                not set up for use with LaTeX.

See the inputenc package documentation for explanation.
Type  H <return>  for immediate help.
 ...                                              
                                                  
l.3 ...≤–ª–µ–Ω–∏—è, –ø–æ—Ç—Ä–µ–±–ª–µ–Ω–∏—è –∏ —É–ø
                                                  —Ä–∞–≤–ª–µ–Ω–∏—è —Ç–µ—Ö–Ω–...

You may provide a definition with
\DeclareUnicodeCharacter 


! Package inputenc Error: Unicode character —Ä (U+0440)
(inputenc)                not set up for use with LaTeX.

See the inputenc package documentation for explanation.
Type  H <return>  for immediate help.
 ...                                              
                                                  
l.3 ...ª–µ–Ω–∏—è, –ø–æ—Ç—Ä–µ–±–ª–µ–Ω–∏—è –∏ —É–ø—Ä
                                                  –∞–≤–ª–µ–Ω–∏—è —Ç–µ—Ö–Ω–æ–...

You may provide a definition with
\DeclareUnicodeCharacter 


! Package inputenc Error: Unicode character –∞ (U+0430)
(inputenc)                not set up for use with LaTeX.

See the inputenc package documentation for explanation.
Type  H <return>  for immediate help.
 ...                                              
                                                  
l.3 ...µ–Ω–∏—è, –ø–æ—Ç—Ä–µ–±–ª–µ–Ω–∏—è –∏ —É–ø—Ä–∞
                                                  –≤–ª–µ–Ω–∏—è —Ç–µ—Ö–Ω–æ–ª–...

You may provide a definition with
\DeclareUnicodeCharacter 


! Package inputenc Error: Unicode character –≤ (U+0432)
(inputenc)                not set up for use with LaTeX.

See the inputenc package documentation for explanation.
Type  H <return>  for immediate help.
 ...                                              
                                                  
l.3 ...Ω–∏—è, –ø–æ—Ç—Ä–µ–±–ª–µ–Ω–∏—è –∏ —É–ø—Ä–∞–≤
                                                  –ª–µ–Ω–∏—è —Ç–µ—Ö–Ω–æ–ª–æ–...

You may provide a definition with
\DeclareUnicodeCharacter 


! Package inputenc Error: Unicode character –ª (U+043B)
(inputenc)                not set up for use with LaTeX.

See the inputenc package documentation for explanation.
Type  H <return>  for immediate help.
 ...                                              
                                                  
l.3 ...∏—è, –ø–æ—Ç—Ä–µ–±–ª–µ–Ω–∏—è –∏ —É–ø—Ä–∞–≤–ª
                                                  –µ–Ω–∏—è —Ç–µ—Ö–Ω–æ–ª–æ–≥–...

You may provide a definition with
\DeclareUnicodeCharacter 


! Package inputenc Error: Unicode character –µ (U+0435)
(inputenc)                not set up for use with LaTeX.

See the inputenc package documentation for explanation.
Type  H <return>  for immediate help.
 ...                                              
                                                  
l.3 ...è, –ø–æ—Ç—Ä–µ–±–ª–µ–Ω–∏—è –∏ —É–ø—Ä–∞–≤–ª–µ
                                                  –Ω–∏—è —Ç–µ—Ö–Ω–æ–ª–æ–≥–∏–...

You may provide a definition with
\DeclareUnicodeCharacter 


! Package inputenc Error: Unicode character –Ω (U+043D)
(inputenc)                not set up for use with LaTeX.

See the inputenc package documentation for explanation.
Type  H <return>  for immediate help.
 ...                                              
                                                  
l.3 ... –ø–æ—Ç—Ä–µ–±–ª–µ–Ω–∏—è –∏ —É–ø—Ä–∞–≤–ª–µ–Ω
                                                  –∏—è —Ç–µ—Ö–Ω–æ–ª–æ–≥–∏–µ–π.
You may provide a definition with
\DeclareUnicodeCharacter 


! Package inputenc Error: Unicode character –∏ (U+0438)
(inputenc)                not set up for use with LaTeX.

See the inputenc package documentation for explanation.
Type  H <return>  for immediate help.
 ...                                              
                                                  
l.3 ...ø–æ—Ç—Ä–µ–±–ª–µ–Ω–∏—è –∏ —É–ø—Ä–∞–≤–ª–µ–Ω–∏
                                                  —è —Ç–µ—Ö–Ω–æ–ª–æ–≥–∏–µ–π.
You may provide a definition with
\DeclareUnicodeCharacter 


! Package inputenc Error: Unicode character —è (U+044F)
(inputenc)                not set up for use with LaTeX.

See the inputenc package documentation for explanation.
Type  H <return>  for immediate help.
 ...                                              
                                                  
l.3 ...æ—Ç—Ä–µ–±–ª–µ–Ω–∏—è –∏ —É–ø—Ä–∞–≤–ª–µ–Ω–∏—è
                                                   —Ç–µ—Ö–Ω–æ–ª–æ–≥–∏–µ–π.
You may provide a definition with
\DeclareUnicodeCharacter 


! Package inputenc Error: Unicode character —Ç (U+0442)
(inputenc)                not set up for use with LaTeX.

See the inputenc package documentation for explanation.
Type  H <return>  for immediate help.
 ...                                              
                                                  
l.3 ...—Ä–µ–±–ª–µ–Ω–∏—è –∏ —É–ø—Ä–∞–≤–ª–µ–Ω–∏—è —Ç
                                                  –µ—Ö–Ω–æ–ª–æ–≥–∏–µ–π.
You may provide a definition with
\DeclareUnicodeCharacter 


! Package inputenc Error: Unicode character –µ (U+0435)
(inputenc)                not set up for use with LaTeX.

See the inputenc package documentation for explanation.
Type  H <return>  for immediate help.
 ...                                              
                                                  
l.3 ...–µ–±–ª–µ–Ω–∏—è –∏ —É–ø—Ä–∞–≤–ª–µ–Ω–∏—è —Ç–µ
                                                  —Ö–Ω–æ–ª–æ–≥–∏–µ–π.
You may provide a definition with
\DeclareUnicodeCharacter 


! Package inputenc Error: Unicode character —Ö (U+0445)
(inputenc)                not set up for use with LaTeX.

See the inputenc package documentation for explanation.
Type  H <return>  for immediate help.
 ...                                              
                                                  
l.3 ...–±–ª–µ–Ω–∏—è –∏ —É–ø—Ä–∞–≤–ª–µ–Ω–∏—è —Ç–µ—Ö
                                                  –Ω–æ–ª–æ–≥–∏–µ–π.
You may provide a definition with
\DeclareUnicodeCharacter 


! Package inputenc Error: Unicode character –Ω (U+043D)
(inputenc)                not set up for use with LaTeX.

See the inputenc package documentation for explanation.
Type  H <return>  for immediate help.
 ...                                              
                                                  
l.3 ...–ª–µ–Ω–∏—è –∏ —É–ø—Ä–∞–≤–ª–µ–Ω–∏—è —Ç–µ—Ö–Ω
                                                  –æ–ª–æ–≥–∏–µ–π.
You may provide a definition with
\DeclareUnicodeCharacter 


! Package inputenc Error: Unicode character –æ (U+043E)
(inputenc)                not set up for use with LaTeX.

See the inputenc package documentation for explanation.
Type  H <return>  for immediate help.
 ...                                              
                                                  
l.3 ...–µ–Ω–∏—è –∏ —É–ø—Ä–∞–≤–ª–µ–Ω–∏—è —Ç–µ—Ö–Ω–æ
                                                  –ª–æ–≥–∏–µ–π.
You may provide a definition with
\DeclareUnicodeCharacter 


! Package inputenc Error: Unicode character –ª (U+043B)
(inputenc)                not set up for use with LaTeX.

See the inputenc package documentation for explanation.
Type  H <return>  for immediate help.
 ...                                              
                                                  
l.3 ...–Ω–∏—è –∏ —É–ø—Ä–∞–≤–ª–µ–Ω–∏—è —Ç–µ—Ö–Ω–æ–ª
                                                  –æ–≥–∏–µ–π.
You may provide a definition with
\DeclareUnicodeCharacter 


! Package inputenc Error: Unicode character –æ (U+043E)
(inputenc)                not set up for use with LaTeX.

See the inputenc package documentation for explanation.
Type  H <return>  for immediate help.
 ...                                              
                                                  
l.3 ...–∏—è –∏ —É–ø—Ä–∞–≤–ª–µ–Ω–∏—è —Ç–µ—Ö–Ω–æ–ª–æ
                                                  –≥–∏–µ–π.
You may provide a definition with
\DeclareUnicodeCharacter 


! Package inputenc Error: Unicode character –≥ (U+0433)
(inputenc)                not set up for use with LaTeX.

See the inputenc package documentation for explanation.
Type  H <return>  for immediate help.
 ...                                              
                                                  
l.3 ...—è –∏ —É–ø—Ä–∞–≤–ª–µ–Ω–∏—è —Ç–µ—Ö–Ω–æ–ª–æ–≥
                                                  –∏–µ–π.
You may provide a definition with
\DeclareUnicodeCharacter 


! Package inputenc Error: Unicode character –∏ (U+0438)
(inputenc)                not set up for use with LaTeX.

See the inputenc package documentation for explanation.
Type  H <return>  for immediate help.
 ...                                              
                                                  
l.3 ... –∏ —É–ø—Ä–∞–≤–ª–µ–Ω–∏—è —Ç–µ—Ö–Ω–æ–ª–æ–≥–∏
                                                  –µ–π.
You may provide a definition with
\DeclareUnicodeCharacter 


! Package inputenc Error: Unicode character –µ (U+0435)
(inputenc)                not set up for use with LaTeX.

See the inputenc package documentation for explanation.
Type  H <return>  for immediate help.
 ...                                              
                                                  
l.3 ...∏ —É–ø—Ä–∞–≤–ª–µ–Ω–∏—è —Ç–µ—Ö–Ω–æ–ª–æ–≥–∏–µ
                                                  –π.
You may provide a definition with
\DeclareUnicodeCharacter 


! Package inputenc Error: Unicode character –π (U+0439)
(inputenc)                not set up for use with LaTeX.

See the inputenc package documentation for explanation.
Type  H <return>  for immediate help.
 ...                                              
                                                  
l.3 ...—É–ø—Ä–∞–≤–ª–µ–Ω–∏—è —Ç–µ—Ö–Ω–æ–ª–æ–≥–∏–µ–π
                                                  .
You may provide a definition with
\DeclareUnicodeCharacter 

Missing character: There is no . in font nullfont!

! Package inputenc Error: Unicode character –î (U+0414)
(inputenc)                not set up for use with LaTeX.

See the inputenc package documentation for explanation.
Type  H <return>  for immediate help.
 ...                                              
                                                  
l.4 –î
      –∞–Ω–Ω—ã–π —Ç–∏–ø —É—Å–ª—É–≥ –≤—ã–≤–æ–¥–∏—Ç –≥–∏–±–∫–æ—Å—Ç—å –∏ —ç—Ñ—Ñ...

You may provide a definition with
\DeclareUnicodeCharacter 


! Package inputenc Error: Unicode character –∞ (U+0430)
(inputenc)                not set up for use with LaTeX.

See the inputenc package documentation for explanation.
Type  H <return>  for immediate help.
 ...                                              
                                                  
l.4 –î–∞
        –Ω–Ω—ã–π —Ç–∏–ø —É—Å–ª—É–≥ –≤—ã–≤–æ–¥–∏—Ç –≥–∏–±–∫–æ—Å—Ç—å –∏ —ç—Ñ—Ñ...

You may provide a definition with
\DeclareUnicodeCharacter 


! Package inputenc Error: Unicode character –Ω (U+043D)
(inputenc)                not set up for use with LaTeX.

See the inputenc package documentation for explanation.
Type  H <return>  for immediate help.
 ...                                              
                                                  
l.4 –î–∞–Ω
          –Ω—ã–π —Ç–∏–ø —É—Å–ª—É–≥ –≤—ã–≤–æ–¥–∏—Ç –≥–∏–±–∫–æ—Å—Ç—å –∏ —ç—Ñ—Ñ...

You may provide a definition with
\DeclareUnicodeCharacter 


! Package inputenc Error: Unicode character –Ω (U+043D)
(inputenc)                not set up for use with LaTeX.

See the inputenc package documentation for explanation.
Type  H <return>  for immediate help.
 ...                                              
                                                  
l.4 –î–∞–Ω–Ω
            —ã–π —Ç–∏–ø —É—Å–ª—É–≥ –≤—ã–≤–æ–¥–∏—Ç –≥–∏–±–∫–æ—Å—Ç—å –∏ —ç—Ñ—Ñ...

You may provide a definition with
\DeclareUnicodeCharacter 


! Package inputenc Error: Unicode character —ã (U+044B)
(inputenc)                not set up for use with LaTeX.

See the inputenc package documentation for explanation.
Type  H <return>  for immediate help.
 ...                                              
                                                  
l.4 –î–∞–Ω–Ω—ã
              –π —Ç–∏–ø —É—Å–ª—É–≥ –≤—ã–≤–æ–¥–∏—Ç –≥–∏–±–∫–æ—Å—Ç—å –∏ —ç—Ñ—Ñ...

You may provide a definition with
\DeclareUnicodeCharacter 


! Package inputenc Error: Unicode character –π (U+0439)
(inputenc)                not set up for use with LaTeX.

See the inputenc package documentation for explanation.
Type  H <return>  for immediate help.
 ...                                              
                                                  
l.4 –î–∞–Ω–Ω—ã–π
                 —Ç–∏–ø —É—Å–ª—É–≥ –≤—ã–≤–æ–¥–∏—Ç –≥–∏–±–∫–æ—Å—Ç—å –∏ —ç—Ñ—Ñ...

You may provide a definition with
\DeclareUnicodeCharacter 


! Package inputenc Error: Unicode character —Ç (U+0442)
(inputenc)                not set up for use with LaTeX.

See the inputenc package documentation for explanation.
Type  H <return>  for immediate help.
 ...                                              
                                                  
l.4 –î–∞–Ω–Ω—ã–π —Ç
                   –∏–ø —É—Å–ª—É–≥ –≤—ã–≤–æ–¥–∏—Ç –≥–∏–±–∫–æ—Å—Ç—å –∏ —ç—Ñ—Ñ...

You may provide a definition with
\DeclareUnicodeCharacter 


! Package inputenc Error: Unicode character –∏ (U+0438)
(inputenc)                not set up for use with LaTeX.

See the inputenc package documentation for explanation.
Type  H <return>  for immediate help.
 ...                                              
                                                  
l.4 –î–∞–Ω–Ω—ã–π —Ç–∏
                     –ø —É—Å–ª—É–≥ –≤—ã–≤–æ–¥–∏—Ç –≥–∏–±–∫–æ—Å—Ç—å –∏ —ç—Ñ—Ñ...

You may provide a definition with
\DeclareUnicodeCharacter 


! Package inputenc Error: Unicode character –ø (U+043F)
(inputenc)                not set up for use with LaTeX.

See the inputenc package documentation for explanation.
Type  H <return>  for immediate help.
 ...                                              
                                                  
l.4 –î–∞–Ω–Ω—ã–π —Ç–∏–ø
                        —É—Å–ª—É–≥ –≤—ã–≤–æ–¥–∏—Ç –≥–∏–±–∫–æ—Å—Ç—å –∏ —ç—Ñ—Ñ...

You may provide a definition with
\DeclareUnicodeCharacter 


! Package inputenc Error: Unicode character —É (U+0443)
(inputenc)                not set up for use with LaTeX.

See the inputenc package documentation for explanation.
Type  H <return>  for immediate help.
 ...                                              
                                                  
l.4 –î–∞–Ω–Ω—ã–π —Ç–∏–ø —É
                          —Å–ª—É–≥ –≤—ã–≤–æ–¥–∏—Ç –≥–∏–±–∫–æ—Å—Ç—å –∏ —ç—Ñ—Ñ...

You may provide a definition with
\DeclareUnicodeCharacter 


! Package inputenc Error: Unicode character —Å (U+0441)
(inputenc)                not set up for use with LaTeX.

See the inputenc package documentation for explanation.
Type  H <return>  for immediate help.
 ...                                              
                                                  
l.4 –î–∞–Ω–Ω—ã–π —Ç–∏–ø —É—Å
                            –ª—É–≥ –≤—ã–≤–æ–¥–∏—Ç –≥–∏–±–∫–æ—Å—Ç—å –∏ —ç—Ñ—Ñ...

You may provide a definition with
\DeclareUnicodeCharacter 


! Package inputenc Error: Unicode character –ª (U+043B)
(inputenc)                not set up for use with LaTeX.

See the inputenc package documentation for explanation.
Type  H <return>  for immediate help.
 ...                                              
                                                  
l.4 –î–∞–Ω–Ω—ã–π —Ç–∏–ø —É—Å–ª
                              —É–≥ –≤—ã–≤–æ–¥–∏—Ç –≥–∏–±–∫–æ—Å—Ç—å –∏ —ç—Ñ—Ñ...

You may provide a definition with
\DeclareUnicodeCharacter 


! Package inputenc Error: Unicode character —É (U+0443)
(inputenc)                not set up for use with LaTeX.

See the inputenc package documentation for explanation.
Type  H <return>  for immediate help.
 ...                                              
                                                  
l.4 –î–∞–Ω–Ω—ã–π —Ç–∏–ø —É—Å–ª—É
                                –≥ –≤—ã–≤–æ–¥–∏—Ç –≥–∏–±–∫–æ—Å—Ç—å –∏ —ç—Ñ—Ñ...

You may provide a definition with
\DeclareUnicodeCharacter 


! Package inputenc Error: Unicode character –≥ (U+0433)
(inputenc)                not set up for use with LaTeX.

See the inputenc package documentation for explanation.
Type  H <return>  for immediate help.
 ...                                              
                                                  
l.4 –î–∞–Ω–Ω—ã–π —Ç–∏–ø —É—Å–ª—É–≥
                                   –≤—ã–≤–æ–¥–∏—Ç –≥–∏–±–∫–æ—Å—Ç—å –∏ —ç—Ñ—Ñ...

You may provide a definition with
\DeclareUnicodeCharacter 


! Package inputenc Error: Unicode character –≤ (U+0432)
(inputenc)                not set up for use with LaTeX.

See the inputenc package documentation for explanation.
Type  H <return>  for immediate help.
 ...                                              
                                                  
l.4 –î–∞–Ω–Ω—ã–π —Ç–∏–ø —É—Å–ª—É–≥ –≤
                                     —ã–≤–æ–¥–∏—Ç –≥–∏–±–∫–æ—Å—Ç—å –∏ —ç—Ñ—Ñ...

You may provide a definition with
\DeclareUnicodeCharacter 


! Package inputenc Error: Unicode character —ã (U+044B)
(inputenc)                not set up for use with LaTeX.

See the inputenc package documentation for explanation.
Type  H <return>  for immediate help.
 ...                                              
                                                  
l.4 –î–∞–Ω–Ω—ã–π —Ç–∏–ø —É—Å–ª—É–≥ –≤—ã
                                       –≤–æ–¥–∏—Ç –≥–∏–±–∫–æ—Å—Ç—å –∏ —ç—Ñ—Ñ...

You may provide a definition with
\DeclareUnicodeCharacter 


! Package inputenc Error: Unicode character –≤ (U+0432)
(inputenc)                not set up for use with LaTeX.

See the inputenc package documentation for explanation.
Type  H <return>  for immediate help.
 ...                                              
                                                  
l.4 –î–∞–Ω–Ω—ã–π —Ç–∏–ø —É—Å–ª—É–≥ –≤—ã–≤
                                         –æ–¥–∏—Ç –≥–∏–±–∫–æ—Å—Ç—å –∏ —ç—Ñ—Ñ...

You may provide a definition with
\DeclareUnicodeCharacter 


! Package inputenc Error: Unicode character –æ (U+043E)
(inputenc)                not set up for use with LaTeX.

See the inputenc package documentation for explanation.
Type  H <return>  for immediate help.
 ...                                              
                                                  
l.4 –î–∞–Ω–Ω—ã–π —Ç–∏–ø —É—Å–ª—É–≥ –≤—ã–≤–æ
                                           –¥–∏—Ç –≥–∏–±–∫–æ—Å—Ç—å –∏ —ç—Ñ—Ñ...

You may provide a definition with
\DeclareUnicodeCharacter 


! Package inputenc Error: Unicode character –¥ (U+0434)
(inputenc)                not set up for use with LaTeX.

See the inputenc package documentation for explanation.
Type  H <return>  for immediate help.
 ...                                              
                                                  
l.4 –î–∞–Ω–Ω—ã–π —Ç–∏–ø —É—Å–ª—É–≥ –≤—ã–≤–æ–¥
                                             –∏—Ç –≥–∏–±–∫–æ—Å—Ç—å –∏ —ç—Ñ—Ñ...

You may provide a definition with
\DeclareUnicodeCharacter 


! Package inputenc Error: Unicode character –∏ (U+0438)
(inputenc)                not set up for use with LaTeX.

See the inputenc package documentation for explanation.
Type  H <return>  for immediate help.
 ...                                              
                                                  
l.4 –î–∞–Ω–Ω—ã–π —Ç–∏–ø —É—Å–ª—É–≥ –≤—ã–≤–æ–¥–∏
                                               —Ç –≥–∏–±–∫–æ—Å—Ç—å –∏ —ç—Ñ—Ñ...
(That makes 100 errors; please try again.) 
Here is how much of TeX's memory you used:
 32 strings out of 492895
 487 string characters out of 3139543
 57610 words of memory out of 3000000
 4047 multiletter control sequences out of 15000+200000
 3640 words of font info for 14 fonts, out of 3000000 for 9000
 1141 hyphenation exceptions out of 8191
 10i,0n,10p,444b,22s stack positions out of 5000i,500n,10000p,200000b,50000s

!  ==> Fatal error occurred, no output PDF file produced!
