This is pdfTeX, Version 3.14159265-2.6-1.40.20 (MiKTeX 2.9.7050 64-bit) (preloaded format=pdflatex 2019.6.14)  20 FEB 2022 16:58
entering extended mode
**./1-pz.tex
(1-pz.tex
LaTeX2e <2018-12-01>
! Undefined control sequence.
l.1 \section
            {–ü–æ—Å—Ç–∞–Ω–æ–≤–∫–∞ –∑–∞–¥–∞—á–∏}
The control sequence at the end of the top line
of your error message was never \def'ed. If you have
misspelled it (e.g., `\hobx'), type `I' and the correct
spelling (e.g., `I\hbox'). Otherwise just continue,
and I'll forget about whatever was undefined.


! Package inputenc Error: Unicode character –ü (U+041F)
(inputenc)                not set up for use with LaTeX.

See the inputenc package documentation for explanation.
Type  H <return>  for immediate help.
 ...                                              
                                                  
l.1 \section{–ü
               –æ—Å—Ç–∞–Ω–æ–≤–∫–∞ –∑–∞–¥–∞—á–∏}
You may provide a definition with
\DeclareUnicodeCharacter 


! Package inputenc Error: Unicode character –æ (U+043E)
(inputenc)                not set up for use with LaTeX.

See the inputenc package documentation for explanation.
Type  H <return>  for immediate help.
 ...                                              
                                                  
l.1 \section{–ü–æ
                 —Å—Ç–∞–Ω–æ–≤–∫–∞ –∑–∞–¥–∞—á–∏}
You may provide a definition with
\DeclareUnicodeCharacter 


! Package inputenc Error: Unicode character —Å (U+0441)
(inputenc)                not set up for use with LaTeX.

See the inputenc package documentation for explanation.
Type  H <return>  for immediate help.
 ...                                              
                                                  
l.1 \section{–ü–æ—Å
                   —Ç–∞–Ω–æ–≤–∫–∞ –∑–∞–¥–∞—á–∏}
You may provide a definition with
\DeclareUnicodeCharacter 


! Package inputenc Error: Unicode character —Ç (U+0442)
(inputenc)                not set up for use with LaTeX.

See the inputenc package documentation for explanation.
Type  H <return>  for immediate help.
 ...                                              
                                                  
l.1 \section{–ü–æ—Å—Ç
                     –∞–Ω–æ–≤–∫–∞ –∑–∞–¥–∞—á–∏}
You may provide a definition with
\DeclareUnicodeCharacter 


! Package inputenc Error: Unicode character –∞ (U+0430)
(inputenc)                not set up for use with LaTeX.

See the inputenc package documentation for explanation.
Type  H <return>  for immediate help.
 ...                                              
                                                  
l.1 \section{–ü–æ—Å—Ç–∞
                       –Ω–æ–≤–∫–∞ –∑–∞–¥–∞—á–∏}
You may provide a definition with
\DeclareUnicodeCharacter 


! Package inputenc Error: Unicode character –Ω (U+043D)
(inputenc)                not set up for use with LaTeX.

See the inputenc package documentation for explanation.
Type  H <return>  for immediate help.
 ...                                              
                                                  
l.1 \section{–ü–æ—Å—Ç–∞–Ω
                         –æ–≤–∫–∞ –∑–∞–¥–∞—á–∏}
You may provide a definition with
\DeclareUnicodeCharacter 


! Package inputenc Error: Unicode character –æ (U+043E)
(inputenc)                not set up for use with LaTeX.

See the inputenc package documentation for explanation.
Type  H <return>  for immediate help.
 ...                                              
                                                  
l.1 \section{–ü–æ—Å—Ç–∞–Ω–æ
                           –≤–∫–∞ –∑–∞–¥–∞—á–∏}
You may provide a definition with
\DeclareUnicodeCharacter 


! Package inputenc Error: Unicode character –≤ (U+0432)
(inputenc)                not set up for use with LaTeX.

See the inputenc package documentation for explanation.
Type  H <return>  for immediate help.
 ...                                              
                                                  
l.1 \section{–ü–æ—Å—Ç–∞–Ω–æ–≤
                             –∫–∞ –∑–∞–¥–∞—á–∏}
You may provide a definition with
\DeclareUnicodeCharacter 


! Package inputenc Error: Unicode character –∫ (U+043A)
(inputenc)                not set up for use with LaTeX.

See the inputenc package documentation for explanation.
Type  H <return>  for immediate help.
 ...                                              
                                                  
l.1 \section{–ü–æ—Å—Ç–∞–Ω–æ–≤–∫
                               –∞ –∑–∞–¥–∞—á–∏}
You may provide a definition with
\DeclareUnicodeCharacter 


! Package inputenc Error: Unicode character –∞ (U+0430)
(inputenc)                not set up for use with LaTeX.

See the inputenc package documentation for explanation.
Type  H <return>  for immediate help.
 ...                                              
                                                  
l.1 \section{–ü–æ—Å—Ç–∞–Ω–æ–≤–∫–∞
                                  –∑–∞–¥–∞—á–∏}
You may provide a definition with
\DeclareUnicodeCharacter 


! Package inputenc Error: Unicode character –∑ (U+0437)
(inputenc)                not set up for use with LaTeX.

See the inputenc package documentation for explanation.
Type  H <return>  for immediate help.
 ...                                              
                                                  
l.1 \section{–ü–æ—Å—Ç–∞–Ω–æ–≤–∫–∞ –∑
                                    –∞–¥–∞—á–∏}
You may provide a definition with
\DeclareUnicodeCharacter 


! Package inputenc Error: Unicode character –∞ (U+0430)
(inputenc)                not set up for use with LaTeX.

See the inputenc package documentation for explanation.
Type  H <return>  for immediate help.
 ...                                              
                                                  
l.1 \section{–ü–æ—Å—Ç–∞–Ω–æ–≤–∫–∞ –∑–∞
                                      –¥–∞—á–∏}
You may provide a definition with
\DeclareUnicodeCharacter 


! Package inputenc Error: Unicode character –¥ (U+0434)
(inputenc)                not set up for use with LaTeX.

See the inputenc package documentation for explanation.
Type  H <return>  for immediate help.
 ...                                              
                                                  
l.1 \section{–ü–æ—Å—Ç–∞–Ω–æ–≤–∫–∞ –∑–∞–¥
                                        –∞—á–∏}
You may provide a definition with
\DeclareUnicodeCharacter 


! Package inputenc Error: Unicode character –∞ (U+0430)
(inputenc)                not set up for use with LaTeX.

See the inputenc package documentation for explanation.
Type  H <return>  for immediate help.
 ...                                              
                                                  
l.1 \section{–ü–æ—Å—Ç–∞–Ω–æ–≤–∫–∞ –∑–∞–¥–∞
                                          —á–∏}
You may provide a definition with
\DeclareUnicodeCharacter 


! Package inputenc Error: Unicode character —á (U+0447)
(inputenc)                not set up for use with LaTeX.

See the inputenc package documentation for explanation.
Type  H <return>  for immediate help.
 ...                                              
                                                  
l.1 \section{–ü–æ—Å—Ç–∞–Ω–æ–≤–∫–∞ –∑–∞–¥–∞—á
                                            –∏}
You may provide a definition with
\DeclareUnicodeCharacter 


! Package inputenc Error: Unicode character –∏ (U+0438)
(inputenc)                not set up for use with LaTeX.

See the inputenc package documentation for explanation.
Type  H <return>  for immediate help.
 ...                                              
                                                  
l.1 \section{–ü–æ—Å—Ç–∞–Ω–æ–≤–∫–∞ –∑–∞–¥–∞—á–∏
                                              }
You may provide a definition with
\DeclareUnicodeCharacter 


! Package inputenc Error: Unicode character –ö (U+041A)
(inputenc)                not set up for use with LaTeX.

See the inputenc package documentation for explanation.
Type  H <return>  for immediate help.
 ...                                              
                                                  
l.3 –ö
      –æ–Ω–µ—á–Ω–∞—è —Ü–µ–ª—å –ø—Ä–æ–µ–∫—Ç–∏—Ä–æ–≤–∞–Ω–∏—è --- —Ä–∞–∑—Ä–∞–±–...

You may provide a definition with
\DeclareUnicodeCharacter 


! Package inputenc Error: Unicode character –æ (U+043E)
(inputenc)                not set up for use with LaTeX.

See the inputenc package documentation for explanation.
Type  H <return>  for immediate help.
 ...                                              
                                                  
l.3 –ö–æ
        –Ω–µ—á–Ω–∞—è —Ü–µ–ª—å –ø—Ä–æ–µ–∫—Ç–∏—Ä–æ–≤–∞–Ω–∏—è --- —Ä–∞–∑—Ä–∞–±–...

You may provide a definition with
\DeclareUnicodeCharacter 


! Package inputenc Error: Unicode character –Ω (U+043D)
(inputenc)                not set up for use with LaTeX.

See the inputenc package documentation for explanation.
Type  H <return>  for immediate help.
 ...                                              
                                                  
l.3 –ö–æ–Ω
          –µ—á–Ω–∞—è —Ü–µ–ª—å –ø—Ä–æ–µ–∫—Ç–∏—Ä–æ–≤–∞–Ω–∏—è --- —Ä–∞–∑—Ä–∞–±–...

You may provide a definition with
\DeclareUnicodeCharacter 


! Package inputenc Error: Unicode character –µ (U+0435)
(inputenc)                not set up for use with LaTeX.

See the inputenc package documentation for explanation.
Type  H <return>  for immediate help.
 ...                                              
                                                  
l.3 –ö–æ–Ω–µ
            —á–Ω–∞—è —Ü–µ–ª—å –ø—Ä–æ–µ–∫—Ç–∏—Ä–æ–≤–∞–Ω–∏—è --- —Ä–∞–∑—Ä–∞–±–...

You may provide a definition with
\DeclareUnicodeCharacter 


! Package inputenc Error: Unicode character —á (U+0447)
(inputenc)                not set up for use with LaTeX.

See the inputenc package documentation for explanation.
Type  H <return>  for immediate help.
 ...                                              
                                                  
l.3 –ö–æ–Ω–µ—á
              –Ω–∞—è —Ü–µ–ª—å –ø—Ä–æ–µ–∫—Ç–∏—Ä–æ–≤–∞–Ω–∏—è --- —Ä–∞–∑—Ä–∞–±–...

You may provide a definition with
\DeclareUnicodeCharacter 


! Package inputenc Error: Unicode character –Ω (U+043D)
(inputenc)                not set up for use with LaTeX.

See the inputenc package documentation for explanation.
Type  H <return>  for immediate help.
 ...                                              
                                                  
l.3 –ö–æ–Ω–µ—á–Ω
                –∞—è —Ü–µ–ª—å –ø—Ä–æ–µ–∫—Ç–∏—Ä–æ–≤–∞–Ω–∏—è --- —Ä–∞–∑—Ä–∞–±–...

You may provide a definition with
\DeclareUnicodeCharacter 


! Package inputenc Error: Unicode character –∞ (U+0430)
(inputenc)                not set up for use with LaTeX.

See the inputenc package documentation for explanation.
Type  H <return>  for immediate help.
 ...                                              
                                                  
l.3 –ö–æ–Ω–µ—á–Ω–∞
                  —è —Ü–µ–ª—å –ø—Ä–æ–µ–∫—Ç–∏—Ä–æ–≤–∞–Ω–∏—è --- —Ä–∞–∑—Ä–∞–±–...

You may provide a definition with
\DeclareUnicodeCharacter 


! Package inputenc Error: Unicode character —è (U+044F)
(inputenc)                not set up for use with LaTeX.

See the inputenc package documentation for explanation.
Type  H <return>  for immediate help.
 ...                                              
                                                  
l.3 –ö–æ–Ω–µ—á–Ω–∞—è
                     —Ü–µ–ª—å –ø—Ä–æ–µ–∫—Ç–∏—Ä–æ–≤–∞–Ω–∏—è --- —Ä–∞–∑—Ä–∞–±–...

You may provide a definition with
\DeclareUnicodeCharacter 


! Package inputenc Error: Unicode character —Ü (U+0446)
(inputenc)                not set up for use with LaTeX.

See the inputenc package documentation for explanation.
Type  H <return>  for immediate help.
 ...                                              
                                                  
l.3 –ö–æ–Ω–µ—á–Ω–∞—è —Ü
                       –µ–ª—å –ø—Ä–æ–µ–∫—Ç–∏—Ä–æ–≤–∞–Ω–∏—è --- —Ä–∞–∑—Ä–∞–±–...

You may provide a definition with
\DeclareUnicodeCharacter 


! Package inputenc Error: Unicode character –µ (U+0435)
(inputenc)                not set up for use with LaTeX.

See the inputenc package documentation for explanation.
Type  H <return>  for immediate help.
 ...                                              
                                                  
l.3 –ö–æ–Ω–µ—á–Ω–∞—è —Ü–µ
                         –ª—å –ø—Ä–æ–µ–∫—Ç–∏—Ä–æ–≤–∞–Ω–∏—è --- —Ä–∞–∑—Ä–∞–±–...

You may provide a definition with
\DeclareUnicodeCharacter 


! Package inputenc Error: Unicode character –ª (U+043B)
(inputenc)                not set up for use with LaTeX.

See the inputenc package documentation for explanation.
Type  H <return>  for immediate help.
 ...                                              
                                                  
l.3 –ö–æ–Ω–µ—á–Ω–∞—è —Ü–µ–ª
                           —å –ø—Ä–æ–µ–∫—Ç–∏—Ä–æ–≤–∞–Ω–∏—è --- —Ä–∞–∑—Ä–∞–±–...

You may provide a definition with
\DeclareUnicodeCharacter 


! Package inputenc Error: Unicode character —å (U+044C)
(inputenc)                not set up for use with LaTeX.

See the inputenc package documentation for explanation.
Type  H <return>  for immediate help.
 ...                                              
                                                  
l.3 –ö–æ–Ω–µ—á–Ω–∞—è —Ü–µ–ª—å
                              –ø—Ä–æ–µ–∫—Ç–∏—Ä–æ–≤–∞–Ω–∏—è --- —Ä–∞–∑—Ä–∞–±–...

You may provide a definition with
\DeclareUnicodeCharacter 


! Package inputenc Error: Unicode character –ø (U+043F)
(inputenc)                not set up for use with LaTeX.

See the inputenc package documentation for explanation.
Type  H <return>  for immediate help.
 ...                                              
                                                  
l.3 –ö–æ–Ω–µ—á–Ω–∞—è —Ü–µ–ª—å –ø
                                —Ä–æ–µ–∫—Ç–∏—Ä–æ–≤–∞–Ω–∏—è --- —Ä–∞–∑—Ä–∞–±–...

You may provide a definition with
\DeclareUnicodeCharacter 


! Package inputenc Error: Unicode character —Ä (U+0440)
(inputenc)                not set up for use with LaTeX.

See the inputenc package documentation for explanation.
Type  H <return>  for immediate help.
 ...                                              
                                                  
l.3 –ö–æ–Ω–µ—á–Ω–∞—è —Ü–µ–ª—å –ø—Ä
                                  –æ–µ–∫—Ç–∏—Ä–æ–≤–∞–Ω–∏—è --- —Ä–∞–∑—Ä–∞–±–...

You may provide a definition with
\DeclareUnicodeCharacter 


! Package inputenc Error: Unicode character –æ (U+043E)
(inputenc)                not set up for use with LaTeX.

See the inputenc package documentation for explanation.
Type  H <return>  for immediate help.
 ...                                              
                                                  
l.3 –ö–æ–Ω–µ—á–Ω–∞—è —Ü–µ–ª—å –ø—Ä–æ
                                    –µ–∫—Ç–∏—Ä–æ–≤–∞–Ω–∏—è --- —Ä–∞–∑—Ä–∞–±–...

You may provide a definition with
\DeclareUnicodeCharacter 


! Package inputenc Error: Unicode character –µ (U+0435)
(inputenc)                not set up for use with LaTeX.

See the inputenc package documentation for explanation.
Type  H <return>  for immediate help.
 ...                                              
                                                  
l.3 –ö–æ–Ω–µ—á–Ω–∞—è —Ü–µ–ª—å –ø—Ä–æ–µ
                                      –∫—Ç–∏—Ä–æ–≤–∞–Ω–∏—è --- —Ä–∞–∑—Ä–∞–±–...

You may provide a definition with
\DeclareUnicodeCharacter 


! Package inputenc Error: Unicode character –∫ (U+043A)
(inputenc)                not set up for use with LaTeX.

See the inputenc package documentation for explanation.
Type  H <return>  for immediate help.
 ...                                              
                                                  
l.3 –ö–æ–Ω–µ—á–Ω–∞—è —Ü–µ–ª—å –ø—Ä–æ–µ–∫
                                        —Ç–∏—Ä–æ–≤–∞–Ω–∏—è --- —Ä–∞–∑—Ä–∞–±–...

You may provide a definition with
\DeclareUnicodeCharacter 


! Package inputenc Error: Unicode character —Ç (U+0442)
(inputenc)                not set up for use with LaTeX.

See the inputenc package documentation for explanation.
Type  H <return>  for immediate help.
 ...                                              
                                                  
l.3 –ö–æ–Ω–µ—á–Ω–∞—è —Ü–µ–ª—å –ø—Ä–æ–µ–∫—Ç
                                          –∏—Ä–æ–≤–∞–Ω–∏—è --- —Ä–∞–∑—Ä–∞–±–...

You may provide a definition with
\DeclareUnicodeCharacter 


! Package inputenc Error: Unicode character –∏ (U+0438)
(inputenc)                not set up for use with LaTeX.

See the inputenc package documentation for explanation.
Type  H <return>  for immediate help.
 ...                                              
                                                  
l.3 –ö–æ–Ω–µ—á–Ω–∞—è —Ü–µ–ª—å –ø—Ä–æ–µ–∫—Ç–∏
                                            —Ä–æ–≤–∞–Ω–∏—è --- —Ä–∞–∑—Ä–∞–±–...

You may provide a definition with
\DeclareUnicodeCharacter 


! Package inputenc Error: Unicode character —Ä (U+0440)
(inputenc)                not set up for use with LaTeX.

See the inputenc package documentation for explanation.
Type  H <return>  for immediate help.
 ...                                              
                                                  
l.3 –ö–æ–Ω–µ—á–Ω–∞—è —Ü–µ–ª—å –ø—Ä–æ–µ–∫—Ç–∏—Ä
                                              –æ–≤–∞–Ω–∏—è --- —Ä–∞–∑—Ä–∞–±–...

You may provide a definition with
\DeclareUnicodeCharacter 


! Package inputenc Error: Unicode character –æ (U+043E)
(inputenc)                not set up for use with LaTeX.

See the inputenc package documentation for explanation.
Type  H <return>  for immediate help.
 ...                                              
                                                  
l.3 –ö–æ–Ω–µ—á–Ω–∞—è —Ü–µ–ª—å –ø—Ä–æ–µ–∫—Ç–∏—Ä–æ
                                                –≤–∞–Ω–∏—è --- —Ä–∞–∑—Ä–∞–±–...

You may provide a definition with
\DeclareUnicodeCharacter 


! Package inputenc Error: Unicode character –≤ (U+0432)
(inputenc)                not set up for use with LaTeX.

See the inputenc package documentation for explanation.
Type  H <return>  for immediate help.
 ...                                              
                                                  
l.3 –ö–æ–Ω–µ—á–Ω–∞—è —Ü–µ–ª—å –ø—Ä–æ–µ–∫—Ç–∏—Ä–æ–≤
                                                  –∞–Ω–∏—è --- —Ä–∞–∑—Ä–∞–±–...

You may provide a definition with
\DeclareUnicodeCharacter 


! Package inputenc Error: Unicode character –∞ (U+0430)
(inputenc)                not set up for use with LaTeX.

See the inputenc package documentation for explanation.
Type  H <return>  for immediate help.
 ...                                              
                                                  
l.3 ...Ω–µ—á–Ω–∞—è —Ü–µ–ª—å –ø—Ä–æ–µ–∫—Ç–∏—Ä–æ–≤–∞
                                                  –Ω–∏—è --- —Ä–∞–∑—Ä–∞–±–æ—...

You may provide a definition with
\DeclareUnicodeCharacter 


! Package inputenc Error: Unicode character –Ω (U+043D)
(inputenc)                not set up for use with LaTeX.

See the inputenc package documentation for explanation.
Type  H <return>  for immediate help.
 ...                                              
                                                  
l.3 ...µ—á–Ω–∞—è —Ü–µ–ª—å –ø—Ä–æ–µ–∫—Ç–∏—Ä–æ–≤–∞–Ω
                                                  –∏—è --- —Ä–∞–∑—Ä–∞–±–æ—Ç–...

You may provide a definition with
\DeclareUnicodeCharacter 


! Package inputenc Error: Unicode character –∏ (U+0438)
(inputenc)                not set up for use with LaTeX.

See the inputenc package documentation for explanation.
Type  H <return>  for immediate help.
 ...                                              
                                                  
l.3 ...á–Ω–∞—è —Ü–µ–ª—å –ø—Ä–æ–µ–∫—Ç–∏—Ä–æ–≤–∞–Ω–∏
                                                  —è --- —Ä–∞–∑—Ä–∞–±–æ—Ç–∫–...

You may provide a definition with
\DeclareUnicodeCharacter 


! Package inputenc Error: Unicode character —è (U+044F)
(inputenc)                not set up for use with LaTeX.

See the inputenc package documentation for explanation.
Type  H <return>  for immediate help.
 ...                                              
                                                  
l.3 ...Ω–∞—è —Ü–µ–ª—å –ø—Ä–æ–µ–∫—Ç–∏—Ä–æ–≤–∞–Ω–∏—è
                                                   --- —Ä–∞–∑—Ä–∞–±–æ—Ç–∫–∞ ...

You may provide a definition with
\DeclareUnicodeCharacter 


! LaTeX Error: Missing \begin{document}.

See the LaTeX manual or LaTeX Companion for explanation.
Type  H <return>  for immediate help.
 ...                                              
                                                  
l.3 ...∞—è —Ü–µ–ª—å –ø—Ä–æ–µ–∫—Ç–∏—Ä–æ–≤–∞–Ω–∏—è -
                                                  -- —Ä–∞–∑—Ä–∞–±–æ—Ç–∫–∞ –≤...

You're in trouble here.  Try typing  <return>  to proceed.
If that doesn't work, type  X <return>  to quit.

Missing character: There is no - in font nullfont!
Missing character: There is no - in font nullfont!
Missing character: There is no - in font nullfont!

! Package inputenc Error: Unicode character —Ä (U+0440)
(inputenc)                not set up for use with LaTeX.

See the inputenc package documentation for explanation.
Type  H <return>  for immediate help.
 ...                                              
                                                  
l.3 ...Ü–µ–ª—å –ø—Ä–æ–µ–∫—Ç–∏—Ä–æ–≤–∞–Ω–∏—è --- —Ä
                                                  –∞–∑—Ä–∞–±–æ—Ç–∫–∞ –≤–∏—Ä—...

You may provide a definition with
\DeclareUnicodeCharacter 


! Package inputenc Error: Unicode character –∞ (U+0430)
(inputenc)                not set up for use with LaTeX.

See the inputenc package documentation for explanation.
Type  H <return>  for immediate help.
 ...                                              
                                                  
l.3 ...µ–ª—å –ø—Ä–æ–µ–∫—Ç–∏—Ä–æ–≤–∞–Ω–∏—è --- —Ä–∞
                                                  –∑—Ä–∞–±–æ—Ç–∫–∞ –≤–∏—Ä—Ç—...

You may provide a definition with
\DeclareUnicodeCharacter 


! Package inputenc Error: Unicode character –∑ (U+0437)
(inputenc)                not set up for use with LaTeX.

See the inputenc package documentation for explanation.
Type  H <return>  for immediate help.
 ...                                              
                                                  
l.3 ...ª—å –ø—Ä–æ–µ–∫—Ç–∏—Ä–æ–≤–∞–Ω–∏—è --- —Ä–∞–∑
                                                  —Ä–∞–±–æ—Ç–∫–∞ –≤–∏—Ä—Ç—É–...

You may provide a definition with
\DeclareUnicodeCharacter 


! Package inputenc Error: Unicode character —Ä (U+0440)
(inputenc)                not set up for use with LaTeX.

See the inputenc package documentation for explanation.
Type  H <return>  for immediate help.
 ...                                              
                                                  
l.3 ...å –ø—Ä–æ–µ–∫—Ç–∏—Ä–æ–≤–∞–Ω–∏—è --- —Ä–∞–∑—Ä
                                                  –∞–±–æ—Ç–∫–∞ –≤–∏—Ä—Ç—É–∞–...

You may provide a definition with
\DeclareUnicodeCharacter 


! Package inputenc Error: Unicode character –∞ (U+0430)
(inputenc)                not set up for use with LaTeX.

See the inputenc package documentation for explanation.
Type  H <return>  for immediate help.
 ...                                              
                                                  
l.3 ...–ø—Ä–æ–µ–∫—Ç–∏—Ä–æ–≤–∞–Ω–∏—è --- —Ä–∞–∑—Ä–∞
                                                  –±–æ—Ç–∫–∞ –≤–∏—Ä—Ç—É–∞–ª—...

You may provide a definition with
\DeclareUnicodeCharacter 


! Package inputenc Error: Unicode character –± (U+0431)
(inputenc)                not set up for use with LaTeX.

See the inputenc package documentation for explanation.
Type  H <return>  for immediate help.
 ...                                              
                                                  
l.3 ...—Ä–æ–µ–∫—Ç–∏—Ä–æ–≤–∞–Ω–∏—è --- —Ä–∞–∑—Ä–∞–±
                                                  –æ—Ç–∫–∞ –≤–∏—Ä—Ç—É–∞–ª—å–...

You may provide a definition with
\DeclareUnicodeCharacter 


! Package inputenc Error: Unicode character –æ (U+043E)
(inputenc)                not set up for use with LaTeX.

See the inputenc package documentation for explanation.
Type  H <return>  for immediate help.
 ...                                              
                                                  
l.3 ...–æ–µ–∫—Ç–∏—Ä–æ–≤–∞–Ω–∏—è --- —Ä–∞–∑—Ä–∞–±–æ
                                                  —Ç–∫–∞ –≤–∏—Ä—Ç—É–∞–ª—å–Ω–...

You may provide a definition with
\DeclareUnicodeCharacter 


! Package inputenc Error: Unicode character —Ç (U+0442)
(inputenc)                not set up for use with LaTeX.

See the inputenc package documentation for explanation.
Type  H <return>  for immediate help.
 ...                                              
                                                  
l.3 ...–µ–∫—Ç–∏—Ä–æ–≤–∞–Ω–∏—è --- —Ä–∞–∑—Ä–∞–±–æ—Ç
                                                  –∫–∞ –≤–∏—Ä—Ç—É–∞–ª—å–Ω–æ–...

You may provide a definition with
\DeclareUnicodeCharacter 


! Package inputenc Error: Unicode character –∫ (U+043A)
(inputenc)                not set up for use with LaTeX.

See the inputenc package documentation for explanation.
Type  H <return>  for immediate help.
 ...                                              
                                                  
l.3 ...–∫—Ç–∏—Ä–æ–≤–∞–Ω–∏—è --- —Ä–∞–∑—Ä–∞–±–æ—Ç–∫
                                                  –∞ –≤–∏—Ä—Ç—É–∞–ª—å–Ω–æ–π ...

You may provide a definition with
\DeclareUnicodeCharacter 


! Package inputenc Error: Unicode character –∞ (U+0430)
(inputenc)                not set up for use with LaTeX.

See the inputenc package documentation for explanation.
Type  H <return>  for immediate help.
 ...                                              
                                                  
l.3 ...—Ç–∏—Ä–æ–≤–∞–Ω–∏—è --- —Ä–∞–∑—Ä–∞–±–æ—Ç–∫–∞
                                                   –≤–∏—Ä—Ç—É–∞–ª—å–Ω–æ–π –∏...

You may provide a definition with
\DeclareUnicodeCharacter 


! Package inputenc Error: Unicode character –≤ (U+0432)
(inputenc)                not set up for use with LaTeX.

See the inputenc package documentation for explanation.
Type  H <return>  for immediate help.
 ...                                              
                                                  
l.3 ...∏—Ä–æ–≤–∞–Ω–∏—è --- —Ä–∞–∑—Ä–∞–±–æ—Ç–∫–∞ –≤
                                                  –∏—Ä—Ç—É–∞–ª—å–Ω–æ–π –∏–Ω—...

You may provide a definition with
\DeclareUnicodeCharacter 


! Package inputenc Error: Unicode character –∏ (U+0438)
(inputenc)                not set up for use with LaTeX.

See the inputenc package documentation for explanation.
Type  H <return>  for immediate help.
 ...                                              
                                                  
l.3 ...Ä–æ–≤–∞–Ω–∏—è --- —Ä–∞–∑—Ä–∞–±–æ—Ç–∫–∞ –≤–∏
                                                  —Ä—Ç—É–∞–ª—å–Ω–æ–π –∏–Ω—Ñ—...

You may provide a definition with
\DeclareUnicodeCharacter 


! Package inputenc Error: Unicode character —Ä (U+0440)
(inputenc)                not set up for use with LaTeX.

See the inputenc package documentation for explanation.
Type  H <return>  for immediate help.
 ...                                              
                                                  
l.3 ...æ–≤–∞–Ω–∏—è --- —Ä–∞–∑—Ä–∞–±–æ—Ç–∫–∞ –≤–∏—Ä
                                                  —Ç—É–∞–ª—å–Ω–æ–π –∏–Ω—Ñ—Ä–...

You may provide a definition with
\DeclareUnicodeCharacter 


! Package inputenc Error: Unicode character —Ç (U+0442)
(inputenc)                not set up for use with LaTeX.

See the inputenc package documentation for explanation.
Type  H <return>  for immediate help.
 ...                                              
                                                  
l.3 ...≤–∞–Ω–∏—è --- —Ä–∞–∑—Ä–∞–±–æ—Ç–∫–∞ –≤–∏—Ä—Ç
                                                  —É–∞–ª—å–Ω–æ–π –∏–Ω—Ñ—Ä–∞—...

You may provide a definition with
\DeclareUnicodeCharacter 


! Package inputenc Error: Unicode character —É (U+0443)
(inputenc)                not set up for use with LaTeX.

See the inputenc package documentation for explanation.
Type  H <return>  for immediate help.
 ...                                              
                                                  
l.3 ...∞–Ω–∏—è --- —Ä–∞–∑—Ä–∞–±–æ—Ç–∫–∞ –≤–∏—Ä—Ç—É
                                                  –∞–ª—å–Ω–æ–π –∏–Ω—Ñ—Ä–∞—Å—...

You may provide a definition with
\DeclareUnicodeCharacter 


! Package inputenc Error: Unicode character –∞ (U+0430)
(inputenc)                not set up for use with LaTeX.

See the inputenc package documentation for explanation.
Type  H <return>  for immediate help.
 ...                                              
                                                  
l.3 ...Ω–∏—è --- —Ä–∞–∑—Ä–∞–±–æ—Ç–∫–∞ –≤–∏—Ä—Ç—É–∞
                                                  –ª—å–Ω–æ–π –∏–Ω—Ñ—Ä–∞—Å—Ç—...

You may provide a definition with
\DeclareUnicodeCharacter 


! Package inputenc Error: Unicode character –ª (U+043B)
(inputenc)                not set up for use with LaTeX.

See the inputenc package documentation for explanation.
Type  H <return>  for immediate help.
 ...                                              
                                                  
l.3 ...∏—è --- —Ä–∞–∑—Ä–∞–±–æ—Ç–∫–∞ –≤–∏—Ä—Ç—É–∞–ª
                                                  —å–Ω–æ–π –∏–Ω—Ñ—Ä–∞—Å—Ç—Ä—...

You may provide a definition with
\DeclareUnicodeCharacter 


! Package inputenc Error: Unicode character —å (U+044C)
(inputenc)                not set up for use with LaTeX.

See the inputenc package documentation for explanation.
Type  H <return>  for immediate help.
 ...                                              
                                                  
l.3 ...è --- —Ä–∞–∑—Ä–∞–±–æ—Ç–∫–∞ –≤–∏—Ä—Ç—É–∞–ª—å
                                                  –Ω–æ–π –∏–Ω—Ñ—Ä–∞—Å—Ç—Ä—É–...

You may provide a definition with
\DeclareUnicodeCharacter 


! Package inputenc Error: Unicode character –Ω (U+043D)
(inputenc)                not set up for use with LaTeX.

See the inputenc package documentation for explanation.
Type  H <return>  for immediate help.
 ...                                              
                                                  
l.3 ...--- —Ä–∞–∑—Ä–∞–±–æ—Ç–∫–∞ –≤–∏—Ä—Ç—É–∞–ª—å–Ω
                                                  –æ–π –∏–Ω—Ñ—Ä–∞—Å—Ç—Ä—É–∫—...

You may provide a definition with
\DeclareUnicodeCharacter 


! Package inputenc Error: Unicode character –æ (U+043E)
(inputenc)                not set up for use with LaTeX.

See the inputenc package documentation for explanation.
Type  H <return>  for immediate help.
 ...                                              
                                                  
l.3 ...- —Ä–∞–∑—Ä–∞–±–æ—Ç–∫–∞ –≤–∏—Ä—Ç—É–∞–ª—å–Ω–æ
                                                  –π –∏–Ω—Ñ—Ä–∞—Å—Ç—Ä—É–∫—Ç—...

You may provide a definition with
\DeclareUnicodeCharacter 


! Package inputenc Error: Unicode character –π (U+0439)
(inputenc)                not set up for use with LaTeX.

See the inputenc package documentation for explanation.
Type  H <return>  for immediate help.
 ...                                              
                                                  
l.3 ...—Ä–∞–∑—Ä–∞–±–æ—Ç–∫–∞ –≤–∏—Ä—Ç—É–∞–ª—å–Ω–æ–π
                                                   –∏–Ω—Ñ—Ä–∞—Å—Ç—Ä—É–∫—Ç—É—...

You may provide a definition with
\DeclareUnicodeCharacter 


! Package inputenc Error: Unicode character –∏ (U+0438)
(inputenc)                not set up for use with LaTeX.

See the inputenc package documentation for explanation.
Type  H <return>  for immediate help.
 ...                                              
                                                  
l.3 ...∞–∑—Ä–∞–±–æ—Ç–∫–∞ –≤–∏—Ä—Ç—É–∞–ª—å–Ω–æ–π –∏
                                                  –Ω—Ñ—Ä–∞—Å—Ç—Ä—É–∫—Ç—É—Ä—ã...

You may provide a definition with
\DeclareUnicodeCharacter 


! Package inputenc Error: Unicode character –Ω (U+043D)
(inputenc)                not set up for use with LaTeX.

See the inputenc package documentation for explanation.
Type  H <return>  for immediate help.
 ...                                              
                                                  
l.3 ...∑—Ä–∞–±–æ—Ç–∫–∞ –≤–∏—Ä—Ç—É–∞–ª—å–Ω–æ–π –∏–Ω
                                                  —Ñ—Ä–∞—Å—Ç—Ä—É–∫—Ç—É—Ä—ã –...

You may provide a definition with
\DeclareUnicodeCharacter 


! Package inputenc Error: Unicode character —Ñ (U+0444)
(inputenc)                not set up for use with LaTeX.

See the inputenc package documentation for explanation.
Type  H <return>  for immediate help.
 ...                                              
                                                  
l.3 ...Ä–∞–±–æ—Ç–∫–∞ –≤–∏—Ä—Ç—É–∞–ª—å–Ω–æ–π –∏–Ω—Ñ
                                                  —Ä–∞—Å—Ç—Ä—É–∫—Ç—É—Ä—ã –¥–...

You may provide a definition with
\DeclareUnicodeCharacter 


! Package inputenc Error: Unicode character —Ä (U+0440)
(inputenc)                not set up for use with LaTeX.

See the inputenc package documentation for explanation.
Type  H <return>  for immediate help.
 ...                                              
                                                  
l.3 ...∞–±–æ—Ç–∫–∞ –≤–∏—Ä—Ç—É–∞–ª—å–Ω–æ–π –∏–Ω—Ñ—Ä
                                                  –∞—Å—Ç—Ä—É–∫—Ç—É—Ä—ã –¥–ª—...

You may provide a definition with
\DeclareUnicodeCharacter 


! Package inputenc Error: Unicode character –∞ (U+0430)
(inputenc)                not set up for use with LaTeX.

See the inputenc package documentation for explanation.
Type  H <return>  for immediate help.
 ...                                              
                                                  
l.3 ...±–æ—Ç–∫–∞ –≤–∏—Ä—Ç—É–∞–ª—å–Ω–æ–π –∏–Ω—Ñ—Ä–∞
                                                  —Å—Ç—Ä—É–∫—Ç—É—Ä—ã –¥–ª—è ...

You may provide a definition with
\DeclareUnicodeCharacter 


! Package inputenc Error: Unicode character —Å (U+0441)
(inputenc)                not set up for use with LaTeX.

See the inputenc package documentation for explanation.
Type  H <return>  for immediate help.
 ...                                              
                                                  
l.3 ...æ—Ç–∫–∞ –≤–∏—Ä—Ç—É–∞–ª—å–Ω–æ–π –∏–Ω—Ñ—Ä–∞—Å
                                                  —Ç—Ä—É–∫—Ç—É—Ä—ã –¥–ª—è —Ä...

You may provide a definition with
\DeclareUnicodeCharacter 


! Package inputenc Error: Unicode character —Ç (U+0442)
(inputenc)                not set up for use with LaTeX.

See the inputenc package documentation for explanation.
Type  H <return>  for immediate help.
 ...                                              
                                                  
l.3 ...Ç–∫–∞ –≤–∏—Ä—Ç—É–∞–ª—å–Ω–æ–π –∏–Ω—Ñ—Ä–∞—Å—Ç
                                                  —Ä—É–∫—Ç—É—Ä—ã –¥–ª—è —Ä–µ...

You may provide a definition with
\DeclareUnicodeCharacter 


! Package inputenc Error: Unicode character —Ä (U+0440)
(inputenc)                not set up for use with LaTeX.

See the inputenc package documentation for explanation.
Type  H <return>  for immediate help.
 ...                                              
                                                  
l.3 ...∫–∞ –≤–∏—Ä—Ç—É–∞–ª—å–Ω–æ–π –∏–Ω—Ñ—Ä–∞—Å—Ç—Ä
                                                  —É–∫—Ç—É—Ä—ã –¥–ª—è —Ä–µ–∞...

You may provide a definition with
\DeclareUnicodeCharacter 


! Package inputenc Error: Unicode character —É (U+0443)
(inputenc)                not set up for use with LaTeX.

See the inputenc package documentation for explanation.
Type  H <return>  for immediate help.
 ...                                              
                                                  
l.3 ...∞ –≤–∏—Ä—Ç—É–∞–ª—å–Ω–æ–π –∏–Ω—Ñ—Ä–∞—Å—Ç—Ä—É
                                                  –∫—Ç—É—Ä—ã –¥–ª—è —Ä–µ–∞–ª...

You may provide a definition with
\DeclareUnicodeCharacter 


! Package inputenc Error: Unicode character –∫ (U+043A)
(inputenc)                not set up for use with LaTeX.

See the inputenc package documentation for explanation.
Type  H <return>  for immediate help.
 ...                                              
                                                  
l.3 ...–≤–∏—Ä—Ç—É–∞–ª—å–Ω–æ–π –∏–Ω—Ñ—Ä–∞—Å—Ç—Ä—É–∫
                                                  —Ç—É—Ä—ã –¥–ª—è —Ä–µ–∞–ª–∏...

You may provide a definition with
\DeclareUnicodeCharacter 


! Package inputenc Error: Unicode character —Ç (U+0442)
(inputenc)                not set up for use with LaTeX.

See the inputenc package documentation for explanation.
Type  H <return>  for immediate help.
 ...                                              
                                                  
l.3 ...–∏—Ä—Ç—É–∞–ª—å–Ω–æ–π –∏–Ω—Ñ—Ä–∞—Å—Ç—Ä—É–∫—Ç
                                                  —É—Ä—ã –¥–ª—è —Ä–µ–∞–ª–∏–∑...

You may provide a definition with
\DeclareUnicodeCharacter 


! Package inputenc Error: Unicode character —É (U+0443)
(inputenc)                not set up for use with LaTeX.

See the inputenc package documentation for explanation.
Type  H <return>  for immediate help.
 ...                                              
                                                  
l.3 ...—Ä—Ç—É–∞–ª—å–Ω–æ–π –∏–Ω—Ñ—Ä–∞—Å—Ç—Ä—É–∫—Ç—É
                                                  —Ä—ã –¥–ª—è —Ä–µ–∞–ª–∏–∑–∞...

You may provide a definition with
\DeclareUnicodeCharacter 


! Package inputenc Error: Unicode character —Ä (U+0440)
(inputenc)                not set up for use with LaTeX.

See the inputenc package documentation for explanation.
Type  H <return>  for immediate help.
 ...                                              
                                                  
l.3 ...—Ç—É–∞–ª—å–Ω–æ–π –∏–Ω—Ñ—Ä–∞—Å—Ç—Ä—É–∫—Ç—É—Ä
                                                  —ã –¥–ª—è —Ä–µ–∞–ª–∏–∑–∞—Ü...

You may provide a definition with
\DeclareUnicodeCharacter 


! Package inputenc Error: Unicode character —ã (U+044B)
(inputenc)                not set up for use with LaTeX.

See the inputenc package documentation for explanation.
Type  H <return>  for immediate help.
 ...                                              
                                                  
l.3 ...—É–∞–ª—å–Ω–æ–π –∏–Ω—Ñ—Ä–∞—Å—Ç—Ä—É–∫—Ç—É—Ä—ã
                                                   –¥–ª—è —Ä–µ–∞–ª–∏–∑–∞—Ü–∏...

You may provide a definition with
\DeclareUnicodeCharacter 


! Package inputenc Error: Unicode character –¥ (U+0434)
(inputenc)                not set up for use with LaTeX.

See the inputenc package documentation for explanation.
Type  H <return>  for immediate help.
 ...                                              
                                                  
l.3 ...∞–ª—å–Ω–æ–π –∏–Ω—Ñ—Ä–∞—Å—Ç—Ä—É–∫—Ç—É—Ä—ã –¥
                                                  –ª—è —Ä–µ–∞–ª–∏–∑–∞—Ü–∏–∏ ...

You may provide a definition with
\DeclareUnicodeCharacter 


! Package inputenc Error: Unicode character –ª (U+043B)
(inputenc)                not set up for use with LaTeX.

See the inputenc package documentation for explanation.
Type  H <return>  for immediate help.
 ...                                              
                                                  
l.3 ...ª—å–Ω–æ–π –∏–Ω—Ñ—Ä–∞—Å—Ç—Ä—É–∫—Ç—É—Ä—ã –¥–ª
                                                  —è —Ä–µ–∞–ª–∏–∑–∞—Ü–∏–∏ –æ...

You may provide a definition with
\DeclareUnicodeCharacter 


! Package inputenc Error: Unicode character —è (U+044F)
(inputenc)                not set up for use with LaTeX.

See the inputenc package documentation for explanation.
Type  H <return>  for immediate help.
 ...                                              
                                                  
l.3 ...å–Ω–æ–π –∏–Ω—Ñ—Ä–∞—Å—Ç—Ä—É–∫—Ç—É—Ä—ã –¥–ª—è
                                                   —Ä–µ–∞–ª–∏–∑–∞—Ü–∏–∏ –æ–±...

You may provide a definition with
\DeclareUnicodeCharacter 


! Package inputenc Error: Unicode character —Ä (U+0440)
(inputenc)                not set up for use with LaTeX.

See the inputenc package documentation for explanation.
Type  H <return>  for immediate help.
 ...                                              
                                                  
l.3 ...–æ–π –∏–Ω—Ñ—Ä–∞—Å—Ç—Ä—É–∫—Ç—É—Ä—ã –¥–ª—è —Ä
                                                  –µ–∞–ª–∏–∑–∞—Ü–∏–∏ –æ–±–ª–...

You may provide a definition with
\DeclareUnicodeCharacter 


! Package inputenc Error: Unicode character –µ (U+0435)
(inputenc)                not set up for use with LaTeX.

See the inputenc package documentation for explanation.
Type  H <return>  for immediate help.
 ...                                              
                                                  
l.3 ...–π –∏–Ω—Ñ—Ä–∞—Å—Ç—Ä—É–∫—Ç—É—Ä—ã –¥–ª—è —Ä–µ
                                                  –∞–ª–∏–∑–∞—Ü–∏–∏ –æ–±–ª–∞—...

You may provide a definition with
\DeclareUnicodeCharacter 


! Package inputenc Error: Unicode character –∞ (U+0430)
(inputenc)                not set up for use with LaTeX.

See the inputenc package documentation for explanation.
Type  H <return>  for immediate help.
 ...                                              
                                                  
l.3 ... –∏–Ω—Ñ—Ä–∞—Å—Ç—Ä—É–∫—Ç—É—Ä—ã –¥–ª—è —Ä–µ–∞
                                                  –ª–∏–∑–∞—Ü–∏–∏ –æ–±–ª–∞—á–...

You may provide a definition with
\DeclareUnicodeCharacter 


! Package inputenc Error: Unicode character –ª (U+043B)
(inputenc)                not set up for use with LaTeX.

See the inputenc package documentation for explanation.
Type  H <return>  for immediate help.
 ...                                              
                                                  
l.3 ...∏–Ω—Ñ—Ä–∞—Å—Ç—Ä—É–∫—Ç—É—Ä—ã –¥–ª—è —Ä–µ–∞–ª
                                                  –∏–∑–∞—Ü–∏–∏ –æ–±–ª–∞—á–Ω—...

You may provide a definition with
\DeclareUnicodeCharacter 


! Package inputenc Error: Unicode character –∏ (U+0438)
(inputenc)                not set up for use with LaTeX.

See the inputenc package documentation for explanation.
Type  H <return>  for immediate help.
 ...                                              
                                                  
l.3 ...Ω—Ñ—Ä–∞—Å—Ç—Ä—É–∫—Ç—É—Ä—ã –¥–ª—è —Ä–µ–∞–ª–∏
                                                  –∑–∞—Ü–∏–∏ –æ–±–ª–∞—á–Ω—ã—...

You may provide a definition with
\DeclareUnicodeCharacter 


! Package inputenc Error: Unicode character –∑ (U+0437)
(inputenc)                not set up for use with LaTeX.

See the inputenc package documentation for explanation.
Type  H <return>  for immediate help.
 ...                                              
                                                  
l.3 ...Ñ—Ä–∞—Å—Ç—Ä—É–∫—Ç—É—Ä—ã –¥–ª—è —Ä–µ–∞–ª–∏–∑
                                                  –∞—Ü–∏–∏ –æ–±–ª–∞—á–Ω—ã—Ö ...

You may provide a definition with
\DeclareUnicodeCharacter 


! Package inputenc Error: Unicode character –∞ (U+0430)
(inputenc)                not set up for use with LaTeX.

See the inputenc package documentation for explanation.
Type  H <return>  for immediate help.
 ...                                              
                                                  
l.3 ...Ä–∞—Å—Ç—Ä—É–∫—Ç—É—Ä—ã –¥–ª—è —Ä–µ–∞–ª–∏–∑–∞
                                                  —Ü–∏–∏ –æ–±–ª–∞—á–Ω—ã—Ö —É...

You may provide a definition with
\DeclareUnicodeCharacter 


! Package inputenc Error: Unicode character —Ü (U+0446)
(inputenc)                not set up for use with LaTeX.

See the inputenc package documentation for explanation.
Type  H <return>  for immediate help.
 ...                                              
                                                  
l.3 ...∞—Å—Ç—Ä—É–∫—Ç—É—Ä—ã –¥–ª—è —Ä–µ–∞–ª–∏–∑–∞—Ü
                                                  –∏–∏ –æ–±–ª–∞—á–Ω—ã—Ö —É—Å...

You may provide a definition with
\DeclareUnicodeCharacter 


! Package inputenc Error: Unicode character –∏ (U+0438)
(inputenc)                not set up for use with LaTeX.

See the inputenc package documentation for explanation.
Type  H <return>  for immediate help.
 ...                                              
                                                  
l.3 ...Å—Ç—Ä—É–∫—Ç—É—Ä—ã –¥–ª—è —Ä–µ–∞–ª–∏–∑–∞—Ü–∏
                                                  –∏ –æ–±–ª–∞—á–Ω—ã—Ö —É—Å–ª...

You may provide a definition with
\DeclareUnicodeCharacter 


! Package inputenc Error: Unicode character –∏ (U+0438)
(inputenc)                not set up for use with LaTeX.

See the inputenc package documentation for explanation.
Type  H <return>  for immediate help.
 ...                                              
                                                  
l.3 ...Ç—Ä—É–∫—Ç—É—Ä—ã –¥–ª—è —Ä–µ–∞–ª–∏–∑–∞—Ü–∏–∏
                                                   –æ–±–ª–∞—á–Ω—ã—Ö —É—Å–ª—É–≥.

You may provide a definition with
\DeclareUnicodeCharacter 


! Package inputenc Error: Unicode character –æ (U+043E)
(inputenc)                not set up for use with LaTeX.

See the inputenc package documentation for explanation.
Type  H <return>  for immediate help.
 ...                                              
                                                  
l.3 ...—É–∫—Ç—É—Ä—ã –¥–ª—è —Ä–µ–∞–ª–∏–∑–∞—Ü–∏–∏ –æ
                                                  –±–ª–∞—á–Ω—ã—Ö —É—Å–ª—É–≥.
You may provide a definition with
\DeclareUnicodeCharacter 


! Package inputenc Error: Unicode character –± (U+0431)
(inputenc)                not set up for use with LaTeX.

See the inputenc package documentation for explanation.
Type  H <return>  for immediate help.
 ...                                              
                                                  
l.3 ...–∫—Ç—É—Ä—ã –¥–ª—è —Ä–µ–∞–ª–∏–∑–∞—Ü–∏–∏ –æ–±
                                                  –ª–∞—á–Ω—ã—Ö —É—Å–ª—É–≥.
You may provide a definition with
\DeclareUnicodeCharacter 


! Package inputenc Error: Unicode character –ª (U+043B)
(inputenc)                not set up for use with LaTeX.

See the inputenc package documentation for explanation.
Type  H <return>  for immediate help.
 ...                                              
                                                  
l.3 ...—Ç—É—Ä—ã –¥–ª—è —Ä–µ–∞–ª–∏–∑–∞—Ü–∏–∏ –æ–±–ª
                                                  –∞—á–Ω—ã—Ö —É—Å–ª—É–≥.
You may provide a definition with
\DeclareUnicodeCharacter 


! Package inputenc Error: Unicode character –∞ (U+0430)
(inputenc)                not set up for use with LaTeX.

See the inputenc package documentation for explanation.
Type  H <return>  for immediate help.
 ...                                              
                                                  
l.3 ...—É—Ä—ã –¥–ª—è —Ä–µ–∞–ª–∏–∑–∞—Ü–∏–∏ –æ–±–ª–∞
                                                  —á–Ω—ã—Ö —É—Å–ª—É–≥.
You may provide a definition with
\DeclareUnicodeCharacter 


! Package inputenc Error: Unicode character —á (U+0447)
(inputenc)                not set up for use with LaTeX.

See the inputenc package documentation for explanation.
Type  H <return>  for immediate help.
 ...                                              
                                                  
l.3 ...—Ä—ã –¥–ª—è —Ä–µ–∞–ª–∏–∑–∞—Ü–∏–∏ –æ–±–ª–∞—á
                                                  –Ω—ã—Ö —É—Å–ª—É–≥.
You may provide a definition with
\DeclareUnicodeCharacter 


! Package inputenc Error: Unicode character –Ω (U+043D)
(inputenc)                not set up for use with LaTeX.

See the inputenc package documentation for explanation.
Type  H <return>  for immediate help.
 ...                                              
                                                  
l.3 ...—ã –¥–ª—è —Ä–µ–∞–ª–∏–∑–∞—Ü–∏–∏ –æ–±–ª–∞—á–Ω
                                                  —ã—Ö —É—Å–ª—É–≥.
You may provide a definition with
\DeclareUnicodeCharacter 


! Package inputenc Error: Unicode character —ã (U+044B)
(inputenc)                not set up for use with LaTeX.

See the inputenc package documentation for explanation.
Type  H <return>  for immediate help.
 ...                                              
                                                  
l.3 ... –¥–ª—è —Ä–µ–∞–ª–∏–∑–∞—Ü–∏–∏ –æ–±–ª–∞—á–Ω—ã
                                                  —Ö —É—Å–ª—É–≥.
You may provide a definition with
\DeclareUnicodeCharacter 


! Package inputenc Error: Unicode character —Ö (U+0445)
(inputenc)                not set up for use with LaTeX.

See the inputenc package documentation for explanation.
Type  H <return>  for immediate help.
 ...                                              
                                                  
l.3 ...¥–ª—è —Ä–µ–∞–ª–∏–∑–∞—Ü–∏–∏ –æ–±–ª–∞—á–Ω—ã—Ö
                                                   —É—Å–ª—É–≥.
(That makes 100 errors; please try again.) 
Here is how much of TeX's memory you used:
 34 strings out of 492895
 498 string characters out of 3139543
 57610 words of memory out of 3000000
 4049 multiletter control sequences out of 15000+200000
 3640 words of font info for 14 fonts, out of 3000000 for 9000
 1141 hyphenation exceptions out of 8191
 10i,0n,10p,207b,28s stack positions out of 5000i,500n,10000p,200000b,50000s

!  ==> Fatal error occurred, no output PDF file produced!
