This is pdfTeX, Version 3.14159265-2.6-1.40.20 (MiKTeX 2.9.7050 64-bit) (preloaded format=pdflatex 2019.6.14)  21 MAY 2020 00:38
entering extended mode
**./zz0-obzoroblasti.tex
(zz0-obzoroblasti.tex
LaTeX2e <2018-12-01>
! Undefined control sequence.
l.1 \section
            {–û–±–∑–æ—Ä –ø—Ä–µ–¥–º–µ—Ç–Ω–æ–π –æ–±–ª–∞—Å—Ç–∏}
The control sequence at the end of the top line
of your error message was never \def'ed. If you have
misspelled it (e.g., `\hobx'), type `I' and the correct
spelling (e.g., `I\hbox'). Otherwise just continue,
and I'll forget about whatever was undefined.


! Package inputenc Error: Unicode character –û (U+041E)
(inputenc)                not set up for use with LaTeX.

See the inputenc package documentation for explanation.
Type  H <return>  for immediate help.
 ...                                              
                                                  
l.1 \section{–û
               –±–∑–æ—Ä –ø—Ä–µ–¥–º–µ—Ç–Ω–æ–π –æ–±–ª–∞—Å—Ç–∏}
You may provide a definition with
\DeclareUnicodeCharacter 


! Package inputenc Error: Unicode character –± (U+0431)
(inputenc)                not set up for use with LaTeX.

See the inputenc package documentation for explanation.
Type  H <return>  for immediate help.
 ...                                              
                                                  
l.1 \section{–û–±
                 –∑–æ—Ä –ø—Ä–µ–¥–º–µ—Ç–Ω–æ–π –æ–±–ª–∞—Å—Ç–∏}
You may provide a definition with
\DeclareUnicodeCharacter 


! Package inputenc Error: Unicode character –∑ (U+0437)
(inputenc)                not set up for use with LaTeX.

See the inputenc package documentation for explanation.
Type  H <return>  for immediate help.
 ...                                              
                                                  
l.1 \section{–û–±–∑
                   –æ—Ä –ø—Ä–µ–¥–º–µ—Ç–Ω–æ–π –æ–±–ª–∞—Å—Ç–∏}
You may provide a definition with
\DeclareUnicodeCharacter 


! Package inputenc Error: Unicode character –æ (U+043E)
(inputenc)                not set up for use with LaTeX.

See the inputenc package documentation for explanation.
Type  H <return>  for immediate help.
 ...                                              
                                                  
l.1 \section{–û–±–∑–æ
                     —Ä –ø—Ä–µ–¥–º–µ—Ç–Ω–æ–π –æ–±–ª–∞—Å—Ç–∏}
You may provide a definition with
\DeclareUnicodeCharacter 


! Package inputenc Error: Unicode character —Ä (U+0440)
(inputenc)                not set up for use with LaTeX.

See the inputenc package documentation for explanation.
Type  H <return>  for immediate help.
 ...                                              
                                                  
l.1 \section{–û–±–∑–æ—Ä
                        –ø—Ä–µ–¥–º–µ—Ç–Ω–æ–π –æ–±–ª–∞—Å—Ç–∏}
You may provide a definition with
\DeclareUnicodeCharacter 


! Package inputenc Error: Unicode character –ø (U+043F)
(inputenc)                not set up for use with LaTeX.

See the inputenc package documentation for explanation.
Type  H <return>  for immediate help.
 ...                                              
                                                  
l.1 \section{–û–±–∑–æ—Ä –ø
                          —Ä–µ–¥–º–µ—Ç–Ω–æ–π –æ–±–ª–∞—Å—Ç–∏}
You may provide a definition with
\DeclareUnicodeCharacter 


! Package inputenc Error: Unicode character —Ä (U+0440)
(inputenc)                not set up for use with LaTeX.

See the inputenc package documentation for explanation.
Type  H <return>  for immediate help.
 ...                                              
                                                  
l.1 \section{–û–±–∑–æ—Ä –ø—Ä
                            –µ–¥–º–µ—Ç–Ω–æ–π –æ–±–ª–∞—Å—Ç–∏}
You may provide a definition with
\DeclareUnicodeCharacter 


! Package inputenc Error: Unicode character –µ (U+0435)
(inputenc)                not set up for use with LaTeX.

See the inputenc package documentation for explanation.
Type  H <return>  for immediate help.
 ...                                              
                                                  
l.1 \section{–û–±–∑–æ—Ä –ø—Ä–µ
                              –¥–º–µ—Ç–Ω–æ–π –æ–±–ª–∞—Å—Ç–∏}
You may provide a definition with
\DeclareUnicodeCharacter 


! Package inputenc Error: Unicode character –¥ (U+0434)
(inputenc)                not set up for use with LaTeX.

See the inputenc package documentation for explanation.
Type  H <return>  for immediate help.
 ...                                              
                                                  
l.1 \section{–û–±–∑–æ—Ä –ø—Ä–µ–¥
                                –º–µ—Ç–Ω–æ–π –æ–±–ª–∞—Å—Ç–∏}
You may provide a definition with
\DeclareUnicodeCharacter 


! Package inputenc Error: Unicode character –º (U+043C)
(inputenc)                not set up for use with LaTeX.

See the inputenc package documentation for explanation.
Type  H <return>  for immediate help.
 ...                                              
                                                  
l.1 \section{–û–±–∑–æ—Ä –ø—Ä–µ–¥–º
                                  –µ—Ç–Ω–æ–π –æ–±–ª–∞—Å—Ç–∏}
You may provide a definition with
\DeclareUnicodeCharacter 


! Package inputenc Error: Unicode character –µ (U+0435)
(inputenc)                not set up for use with LaTeX.

See the inputenc package documentation for explanation.
Type  H <return>  for immediate help.
 ...                                              
                                                  
l.1 \section{–û–±–∑–æ—Ä –ø—Ä–µ–¥–º–µ
                                    —Ç–Ω–æ–π –æ–±–ª–∞—Å—Ç–∏}
You may provide a definition with
\DeclareUnicodeCharacter 


! Package inputenc Error: Unicode character —Ç (U+0442)
(inputenc)                not set up for use with LaTeX.

See the inputenc package documentation for explanation.
Type  H <return>  for immediate help.
 ...                                              
                                                  
l.1 \section{–û–±–∑–æ—Ä –ø—Ä–µ–¥–º–µ—Ç
                                      –Ω–æ–π –æ–±–ª–∞—Å—Ç–∏}
You may provide a definition with
\DeclareUnicodeCharacter 


! Package inputenc Error: Unicode character –Ω (U+043D)
(inputenc)                not set up for use with LaTeX.

See the inputenc package documentation for explanation.
Type  H <return>  for immediate help.
 ...                                              
                                                  
l.1 \section{–û–±–∑–æ—Ä –ø—Ä–µ–¥–º–µ—Ç–Ω
                                        –æ–π –æ–±–ª–∞—Å—Ç–∏}
You may provide a definition with
\DeclareUnicodeCharacter 


! Package inputenc Error: Unicode character –æ (U+043E)
(inputenc)                not set up for use with LaTeX.

See the inputenc package documentation for explanation.
Type  H <return>  for immediate help.
 ...                                              
                                                  
l.1 \section{–û–±–∑–æ—Ä –ø—Ä–µ–¥–º–µ—Ç–Ω–æ
                                          –π –æ–±–ª–∞—Å—Ç–∏}
You may provide a definition with
\DeclareUnicodeCharacter 


! Package inputenc Error: Unicode character –π (U+0439)
(inputenc)                not set up for use with LaTeX.

See the inputenc package documentation for explanation.
Type  H <return>  for immediate help.
 ...                                              
                                                  
l.1 \section{–û–±–∑–æ—Ä –ø—Ä–µ–¥–º–µ—Ç–Ω–æ–π
                                             –æ–±–ª–∞—Å—Ç–∏}
You may provide a definition with
\DeclareUnicodeCharacter 


! Package inputenc Error: Unicode character –æ (U+043E)
(inputenc)                not set up for use with LaTeX.

See the inputenc package documentation for explanation.
Type  H <return>  for immediate help.
 ...                                              
                                                  
l.1 \section{–û–±–∑–æ—Ä –ø—Ä–µ–¥–º–µ—Ç–Ω–æ–π –æ
                                               –±–ª–∞—Å—Ç–∏}
You may provide a definition with
\DeclareUnicodeCharacter 


! Package inputenc Error: Unicode character –± (U+0431)
(inputenc)                not set up for use with LaTeX.

See the inputenc package documentation for explanation.
Type  H <return>  for immediate help.
 ...                                              
                                                  
l.1 \section{–û–±–∑–æ—Ä –ø—Ä–µ–¥–º–µ—Ç–Ω–æ–π –æ–±
                                                 –ª–∞—Å—Ç–∏}
You may provide a definition with
\DeclareUnicodeCharacter 


! Package inputenc Error: Unicode character –ª (U+043B)
(inputenc)                not set up for use with LaTeX.

See the inputenc package documentation for explanation.
Type  H <return>  for immediate help.
 ...                                              
                                                  
l.1 ...tion{–û–±–∑–æ—Ä –ø—Ä–µ–¥–º–µ—Ç–Ω–æ–π –æ–±–ª
                                                  –∞—Å—Ç–∏}
You may provide a definition with
\DeclareUnicodeCharacter 


! Package inputenc Error: Unicode character –∞ (U+0430)
(inputenc)                not set up for use with LaTeX.

See the inputenc package documentation for explanation.
Type  H <return>  for immediate help.
 ...                                              
                                                  
l.1 ...on{–û–±–∑–æ—Ä –ø—Ä–µ–¥–º–µ—Ç–Ω–æ–π –æ–±–ª–∞
                                                  —Å—Ç–∏}
You may provide a definition with
\DeclareUnicodeCharacter 


! Package inputenc Error: Unicode character —Å (U+0441)
(inputenc)                not set up for use with LaTeX.

See the inputenc package documentation for explanation.
Type  H <return>  for immediate help.
 ...                                              
                                                  
l.1 ...{–û–±–∑–æ—Ä –ø—Ä–µ–¥–º–µ—Ç–Ω–æ–π –æ–±–ª–∞—Å
                                                  —Ç–∏}
You may provide a definition with
\DeclareUnicodeCharacter 


! Package inputenc Error: Unicode character —Ç (U+0442)
(inputenc)                not set up for use with LaTeX.

See the inputenc package documentation for explanation.
Type  H <return>  for immediate help.
 ...                                              
                                                  
l.1 ...û–±–∑–æ—Ä –ø—Ä–µ–¥–º–µ—Ç–Ω–æ–π –æ–±–ª–∞—Å—Ç
                                                  –∏}
You may provide a definition with
\DeclareUnicodeCharacter 


! Package inputenc Error: Unicode character –∏ (U+0438)
(inputenc)                not set up for use with LaTeX.

See the inputenc package documentation for explanation.
Type  H <return>  for immediate help.
 ...                                              
                                                  
l.1 ...±–∑–æ—Ä –ø—Ä–µ–¥–º–µ—Ç–Ω–æ–π –æ–±–ª–∞—Å—Ç–∏
                                                  }
You may provide a definition with
\DeclareUnicodeCharacter 


! Package inputenc Error: Unicode character –ü (U+041F)
(inputenc)                not set up for use with LaTeX.

See the inputenc package documentation for explanation.
Type  H <return>  for immediate help.
 ...                                              
                                                  
l.3 –ü
      –∞–∫–µ—Ç 3–î-–º–æ–¥–µ–ª–∏—Ä–æ–≤–∞–Ω–∏—è Blender - —Å–≤–æ–±–æ–¥–Ω–æ–µ –...

You may provide a definition with
\DeclareUnicodeCharacter 


! Package inputenc Error: Unicode character –∞ (U+0430)
(inputenc)                not set up for use with LaTeX.

See the inputenc package documentation for explanation.
Type  H <return>  for immediate help.
 ...                                              
                                                  
l.3 –ü–∞
        –∫–µ—Ç 3–î-–º–æ–¥–µ–ª–∏—Ä–æ–≤–∞–Ω–∏—è Blender - —Å–≤–æ–±–æ–¥–Ω–æ–µ –...

You may provide a definition with
\DeclareUnicodeCharacter 


! Package inputenc Error: Unicode character –∫ (U+043A)
(inputenc)                not set up for use with LaTeX.

See the inputenc package documentation for explanation.
Type  H <return>  for immediate help.
 ...                                              
                                                  
l.3 –ü–∞–∫
          –µ—Ç 3–î-–º–æ–¥–µ–ª–∏—Ä–æ–≤–∞–Ω–∏—è Blender - —Å–≤–æ–±–æ–¥–Ω–æ–µ –...

You may provide a definition with
\DeclareUnicodeCharacter 


! Package inputenc Error: Unicode character –µ (U+0435)
(inputenc)                not set up for use with LaTeX.

See the inputenc package documentation for explanation.
Type  H <return>  for immediate help.
 ...                                              
                                                  
l.3 –ü–∞–∫–µ
            —Ç 3–î-–º–æ–¥–µ–ª–∏—Ä–æ–≤–∞–Ω–∏—è Blender - —Å–≤–æ–±–æ–¥–Ω–æ–µ –...

You may provide a definition with
\DeclareUnicodeCharacter 


! Package inputenc Error: Unicode character —Ç (U+0442)
(inputenc)                not set up for use with LaTeX.

See the inputenc package documentation for explanation.
Type  H <return>  for immediate help.
 ...                                              
                                                  
l.3 –ü–∞–∫–µ—Ç
               3–î-–º–æ–¥–µ–ª–∏—Ä–æ–≤–∞–Ω–∏—è Blender - —Å–≤–æ–±–æ–¥–Ω–æ–µ –...

You may provide a definition with
\DeclareUnicodeCharacter 


! LaTeX Error: Missing \begin{document}.

See the LaTeX manual or LaTeX Companion for explanation.
Type  H <return>  for immediate help.
 ...                                              
                                                  
l.3 –ü–∞–∫–µ—Ç 3
                –î-–º–æ–¥–µ–ª–∏—Ä–æ–≤–∞–Ω–∏—è Blender - —Å–≤–æ–±–æ–¥–Ω–æ–µ –...

You're in trouble here.  Try typing  <return>  to proceed.
If that doesn't work, type  X <return>  to quit.

Missing character: There is no 3 in font nullfont!

! Package inputenc Error: Unicode character –î (U+0414)
(inputenc)                not set up for use with LaTeX.

See the inputenc package documentation for explanation.
Type  H <return>  for immediate help.
 ...                                              
                                                  
l.3 –ü–∞–∫–µ—Ç 3–î
                  -–º–æ–¥–µ–ª–∏—Ä–æ–≤–∞–Ω–∏—è Blender - —Å–≤–æ–±–æ–¥–Ω–æ–µ –...

You may provide a definition with
\DeclareUnicodeCharacter 

Missing character: There is no - in font nullfont!

! Package inputenc Error: Unicode character –º (U+043C)
(inputenc)                not set up for use with LaTeX.

See the inputenc package documentation for explanation.
Type  H <return>  for immediate help.
 ...                                              
                                                  
l.3 –ü–∞–∫–µ—Ç 3–î-–º
                     –æ–¥–µ–ª–∏—Ä–æ–≤–∞–Ω–∏—è Blender - —Å–≤–æ–±–æ–¥–Ω–æ–µ –...

You may provide a definition with
\DeclareUnicodeCharacter 


! Package inputenc Error: Unicode character –æ (U+043E)
(inputenc)                not set up for use with LaTeX.

See the inputenc package documentation for explanation.
Type  H <return>  for immediate help.
 ...                                              
                                                  
l.3 –ü–∞–∫–µ—Ç 3–î-–º–æ
                       –¥–µ–ª–∏—Ä–æ–≤–∞–Ω–∏—è Blender - —Å–≤–æ–±–æ–¥–Ω–æ–µ –...

You may provide a definition with
\DeclareUnicodeCharacter 


! Package inputenc Error: Unicode character –¥ (U+0434)
(inputenc)                not set up for use with LaTeX.

See the inputenc package documentation for explanation.
Type  H <return>  for immediate help.
 ...                                              
                                                  
l.3 –ü–∞–∫–µ—Ç 3–î-–º–æ–¥
                         –µ–ª–∏—Ä–æ–≤–∞–Ω–∏—è Blender - —Å–≤–æ–±–æ–¥–Ω–æ–µ –...

You may provide a definition with
\DeclareUnicodeCharacter 


! Package inputenc Error: Unicode character –µ (U+0435)
(inputenc)                not set up for use with LaTeX.

See the inputenc package documentation for explanation.
Type  H <return>  for immediate help.
 ...                                              
                                                  
l.3 –ü–∞–∫–µ—Ç 3–î-–º–æ–¥–µ
                           –ª–∏—Ä–æ–≤–∞–Ω–∏—è Blender - —Å–≤–æ–±–æ–¥–Ω–æ–µ –...

You may provide a definition with
\DeclareUnicodeCharacter 


! Package inputenc Error: Unicode character –ª (U+043B)
(inputenc)                not set up for use with LaTeX.

See the inputenc package documentation for explanation.
Type  H <return>  for immediate help.
 ...                                              
                                                  
l.3 –ü–∞–∫–µ—Ç 3–î-–º–æ–¥–µ–ª
                             –∏—Ä–æ–≤–∞–Ω–∏—è Blender - —Å–≤–æ–±–æ–¥–Ω–æ–µ –...

You may provide a definition with
\DeclareUnicodeCharacter 


! Package inputenc Error: Unicode character –∏ (U+0438)
(inputenc)                not set up for use with LaTeX.

See the inputenc package documentation for explanation.
Type  H <return>  for immediate help.
 ...                                              
                                                  
l.3 –ü–∞–∫–µ—Ç 3–î-–º–æ–¥–µ–ª–∏
                               —Ä–æ–≤–∞–Ω–∏—è Blender - —Å–≤–æ–±–æ–¥–Ω–æ–µ –...

You may provide a definition with
\DeclareUnicodeCharacter 


! Package inputenc Error: Unicode character —Ä (U+0440)
(inputenc)                not set up for use with LaTeX.

See the inputenc package documentation for explanation.
Type  H <return>  for immediate help.
 ...                                              
                                                  
l.3 –ü–∞–∫–µ—Ç 3–î-–º–æ–¥–µ–ª–∏—Ä
                                 –æ–≤–∞–Ω–∏—è Blender - —Å–≤–æ–±–æ–¥–Ω–æ–µ –...

You may provide a definition with
\DeclareUnicodeCharacter 


! Package inputenc Error: Unicode character –æ (U+043E)
(inputenc)                not set up for use with LaTeX.

See the inputenc package documentation for explanation.
Type  H <return>  for immediate help.
 ...                                              
                                                  
l.3 –ü–∞–∫–µ—Ç 3–î-–º–æ–¥–µ–ª–∏—Ä–æ
                                   –≤–∞–Ω–∏—è Blender - —Å–≤–æ–±–æ–¥–Ω–æ–µ –...

You may provide a definition with
\DeclareUnicodeCharacter 


! Package inputenc Error: Unicode character –≤ (U+0432)
(inputenc)                not set up for use with LaTeX.

See the inputenc package documentation for explanation.
Type  H <return>  for immediate help.
 ...                                              
                                                  
l.3 –ü–∞–∫–µ—Ç 3–î-–º–æ–¥–µ–ª–∏—Ä–æ–≤
                                     –∞–Ω–∏—è Blender - —Å–≤–æ–±–æ–¥–Ω–æ–µ –...

You may provide a definition with
\DeclareUnicodeCharacter 


! Package inputenc Error: Unicode character –∞ (U+0430)
(inputenc)                not set up for use with LaTeX.

See the inputenc package documentation for explanation.
Type  H <return>  for immediate help.
 ...                                              
                                                  
l.3 –ü–∞–∫–µ—Ç 3–î-–º–æ–¥–µ–ª–∏—Ä–æ–≤–∞
                                       –Ω–∏—è Blender - —Å–≤–æ–±–æ–¥–Ω–æ–µ –...

You may provide a definition with
\DeclareUnicodeCharacter 


! Package inputenc Error: Unicode character –Ω (U+043D)
(inputenc)                not set up for use with LaTeX.

See the inputenc package documentation for explanation.
Type  H <return>  for immediate help.
 ...                                              
                                                  
l.3 –ü–∞–∫–µ—Ç 3–î-–º–æ–¥–µ–ª–∏—Ä–æ–≤–∞–Ω
                                         –∏—è Blender - —Å–≤–æ–±–æ–¥–Ω–æ–µ –...

You may provide a definition with
\DeclareUnicodeCharacter 


! Package inputenc Error: Unicode character –∏ (U+0438)
(inputenc)                not set up for use with LaTeX.

See the inputenc package documentation for explanation.
Type  H <return>  for immediate help.
 ...                                              
                                                  
l.3 –ü–∞–∫–µ—Ç 3–î-–º–æ–¥–µ–ª–∏—Ä–æ–≤–∞–Ω–∏
                                           —è Blender - —Å–≤–æ–±–æ–¥–Ω–æ–µ –...

You may provide a definition with
\DeclareUnicodeCharacter 


! Package inputenc Error: Unicode character —è (U+044F)
(inputenc)                not set up for use with LaTeX.

See the inputenc package documentation for explanation.
Type  H <return>  for immediate help.
 ...                                              
                                                  
l.3 –ü–∞–∫–µ—Ç 3–î-–º–æ–¥–µ–ª–∏—Ä–æ–≤–∞–Ω–∏—è
                                              Blender - —Å–≤–æ–±–æ–¥–Ω–æ–µ –...

You may provide a definition with
\DeclareUnicodeCharacter 

Missing character: There is no B in font nullfont!
Missing character: There is no l in font nullfont!
Missing character: There is no e in font nullfont!
Missing character: There is no n in font nullfont!
Missing character: There is no d in font nullfont!
Missing character: There is no e in font nullfont!
Missing character: There is no r in font nullfont!
Missing character: There is no - in font nullfont!

! Package inputenc Error: Unicode character —Å (U+0441)
(inputenc)                not set up for use with LaTeX.

See the inputenc package documentation for explanation.
Type  H <return>  for immediate help.
 ...                                              
                                                  
l.3 ...3–î-–º–æ–¥–µ–ª–∏—Ä–æ–≤–∞–Ω–∏—è Blender - —Å
                                                  –≤–æ–±–æ–¥–Ω–æ–µ –∏ –æ—Ç–∫...

You may provide a definition with
\DeclareUnicodeCharacter 


! Package inputenc Error: Unicode character –≤ (U+0432)
(inputenc)                not set up for use with LaTeX.

See the inputenc package documentation for explanation.
Type  H <return>  for immediate help.
 ...                                              
                                                  
l.3 ...î-–º–æ–¥–µ–ª–∏—Ä–æ–≤–∞–Ω–∏—è Blender - —Å–≤
                                                  –æ–±–æ–¥–Ω–æ–µ –∏ –æ—Ç–∫—Ä...

You may provide a definition with
\DeclareUnicodeCharacter 


! Package inputenc Error: Unicode character –æ (U+043E)
(inputenc)                not set up for use with LaTeX.

See the inputenc package documentation for explanation.
Type  H <return>  for immediate help.
 ...                                              
                                                  
l.3 ...–º–æ–¥–µ–ª–∏—Ä–æ–≤–∞–Ω–∏—è Blender - —Å–≤–æ
                                                  –±–æ–¥–Ω–æ–µ –∏ –æ—Ç–∫—Ä—ã...

You may provide a definition with
\DeclareUnicodeCharacter 


! Package inputenc Error: Unicode character –± (U+0431)
(inputenc)                not set up for use with LaTeX.

See the inputenc package documentation for explanation.
Type  H <return>  for immediate help.
 ...                                              
                                                  
l.3 ...–æ–¥–µ–ª–∏—Ä–æ–≤–∞–Ω–∏—è Blender - —Å–≤–æ–±
                                                  –æ–¥–Ω–æ–µ –∏ –æ—Ç–∫—Ä—ã—Ç...

You may provide a definition with
\DeclareUnicodeCharacter 


! Package inputenc Error: Unicode character –æ (U+043E)
(inputenc)                not set up for use with LaTeX.

See the inputenc package documentation for explanation.
Type  H <return>  for immediate help.
 ...                                              
                                                  
l.3 ...–¥–µ–ª–∏—Ä–æ–≤–∞–Ω–∏—è Blender - —Å–≤–æ–±–æ
                                                  –¥–Ω–æ–µ –∏ –æ—Ç–∫—Ä—ã—Ç–æ...

You may provide a definition with
\DeclareUnicodeCharacter 


! Package inputenc Error: Unicode character –¥ (U+0434)
(inputenc)                not set up for use with LaTeX.

See the inputenc package documentation for explanation.
Type  H <return>  for immediate help.
 ...                                              
                                                  
l.3 ...–µ–ª–∏—Ä–æ–≤–∞–Ω–∏—è Blender - —Å–≤–æ–±–æ–¥
                                                  –Ω–æ–µ –∏ –æ—Ç–∫—Ä—ã—Ç–æ–µ...

You may provide a definition with
\DeclareUnicodeCharacter 


! Package inputenc Error: Unicode character –Ω (U+043D)
(inputenc)                not set up for use with LaTeX.

See the inputenc package documentation for explanation.
Type  H <return>  for immediate help.
 ...                                              
                                                  
l.3 ...–ª–∏—Ä–æ–≤–∞–Ω–∏—è Blender - —Å–≤–æ–±–æ–¥–Ω
                                                  –æ–µ –∏ –æ—Ç–∫—Ä—ã—Ç–æ–µ –...

You may provide a definition with
\DeclareUnicodeCharacter 


! Package inputenc Error: Unicode character –æ (U+043E)
(inputenc)                not set up for use with LaTeX.

See the inputenc package documentation for explanation.
Type  H <return>  for immediate help.
 ...                                              
                                                  
l.3 ...–∏—Ä–æ–≤–∞–Ω–∏—è Blender - —Å–≤–æ–±–æ–¥–Ω–æ
                                                  –µ –∏ –æ—Ç–∫—Ä—ã—Ç–æ–µ –ø—...

You may provide a definition with
\DeclareUnicodeCharacter 


! Package inputenc Error: Unicode character –µ (U+0435)
(inputenc)                not set up for use with LaTeX.

See the inputenc package documentation for explanation.
Type  H <return>  for immediate help.
 ...                                              
                                                  
l.3 ...—Ä–æ–≤–∞–Ω–∏—è Blender - —Å–≤–æ–±–æ–¥–Ω–æ–µ
                                                   –∏ –æ—Ç–∫—Ä—ã—Ç–æ–µ –ø—Ä–...

You may provide a definition with
\DeclareUnicodeCharacter 


! Package inputenc Error: Unicode character –∏ (U+0438)
(inputenc)                not set up for use with LaTeX.

See the inputenc package documentation for explanation.
Type  H <return>  for immediate help.
 ...                                              
                                                  
l.3 ...æ–≤–∞–Ω–∏—è Blender - —Å–≤–æ–±–æ–¥–Ω–æ–µ –∏
                                                   –æ—Ç–∫—Ä—ã—Ç–æ–µ –ø—Ä–æ–≥...

You may provide a definition with
\DeclareUnicodeCharacter 


! Package inputenc Error: Unicode character –æ (U+043E)
(inputenc)                not set up for use with LaTeX.

See the inputenc package documentation for explanation.
Type  H <return>  for immediate help.
 ...                                              
                                                  
l.3 ...–∞–Ω–∏—è Blender - —Å–≤–æ–±–æ–¥–Ω–æ–µ –∏ –æ
                                                  —Ç–∫—Ä—ã—Ç–æ–µ –ø—Ä–æ–≥—Ä–...

You may provide a definition with
\DeclareUnicodeCharacter 


! Package inputenc Error: Unicode character —Ç (U+0442)
(inputenc)                not set up for use with LaTeX.

See the inputenc package documentation for explanation.
Type  H <return>  for immediate help.
 ...                                              
                                                  
l.3 ...–Ω–∏—è Blender - —Å–≤–æ–±–æ–¥–Ω–æ–µ –∏ –æ—Ç
                                                  –∫—Ä—ã—Ç–æ–µ –ø—Ä–æ–≥—Ä–∞–...

You may provide a definition with
\DeclareUnicodeCharacter 


! Package inputenc Error: Unicode character –∫ (U+043A)
(inputenc)                not set up for use with LaTeX.

See the inputenc package documentation for explanation.
Type  H <return>  for immediate help.
 ...                                              
                                                  
l.3 ...–∏—è Blender - —Å–≤–æ–±–æ–¥–Ω–æ–µ –∏ –æ—Ç–∫
                                                  —Ä—ã—Ç–æ–µ –ø—Ä–æ–≥—Ä–∞–º–...

You may provide a definition with
\DeclareUnicodeCharacter 


! Package inputenc Error: Unicode character —Ä (U+0440)
(inputenc)                not set up for use with LaTeX.

See the inputenc package documentation for explanation.
Type  H <return>  for immediate help.
 ...                                              
                                                  
l.3 ...—è Blender - —Å–≤–æ–±–æ–¥–Ω–æ–µ –∏ –æ—Ç–∫—Ä
                                                  —ã—Ç–æ–µ –ø—Ä–æ–≥—Ä–∞–º–º–...

You may provide a definition with
\DeclareUnicodeCharacter 


! Package inputenc Error: Unicode character —ã (U+044B)
(inputenc)                not set up for use with LaTeX.

See the inputenc package documentation for explanation.
Type  H <return>  for immediate help.
 ...                                              
                                                  
l.3 ... Blender - —Å–≤–æ–±–æ–¥–Ω–æ–µ –∏ –æ—Ç–∫—Ä—ã
                                                  —Ç–æ–µ –ø—Ä–æ–≥—Ä–∞–º–º–Ω–...

You may provide a definition with
\DeclareUnicodeCharacter 


! Package inputenc Error: Unicode character —Ç (U+0442)
(inputenc)                not set up for use with LaTeX.

See the inputenc package documentation for explanation.
Type  H <return>  for immediate help.
 ...                                              
                                                  
l.3 ...lender - —Å–≤–æ–±–æ–¥–Ω–æ–µ –∏ –æ—Ç–∫—Ä—ã—Ç
                                                  –æ–µ –ø—Ä–æ–≥—Ä–∞–º–º–Ω–æ–...

You may provide a definition with
\DeclareUnicodeCharacter 


! Package inputenc Error: Unicode character –æ (U+043E)
(inputenc)                not set up for use with LaTeX.

See the inputenc package documentation for explanation.
Type  H <return>  for immediate help.
 ...                                              
                                                  
l.3 ...nder - —Å–≤–æ–±–æ–¥–Ω–æ–µ –∏ –æ—Ç–∫—Ä—ã—Ç–æ
                                                  –µ –ø—Ä–æ–≥—Ä–∞–º–º–Ω–æ–µ ...

You may provide a definition with
\DeclareUnicodeCharacter 


! Package inputenc Error: Unicode character –µ (U+0435)
(inputenc)                not set up for use with LaTeX.

See the inputenc package documentation for explanation.
Type  H <return>  for immediate help.
 ...                                              
                                                  
l.3 ...er - —Å–≤–æ–±–æ–¥–Ω–æ–µ –∏ –æ—Ç–∫—Ä—ã—Ç–æ–µ
                                                   –ø—Ä–æ–≥—Ä–∞–º–º–Ω–æ–µ –æ...

You may provide a definition with
\DeclareUnicodeCharacter 


! Package inputenc Error: Unicode character –ø (U+043F)
(inputenc)                not set up for use with LaTeX.

See the inputenc package documentation for explanation.
Type  H <return>  for immediate help.
 ...                                              
                                                  
l.3 ...- —Å–≤–æ–±–æ–¥–Ω–æ–µ –∏ –æ—Ç–∫—Ä—ã—Ç–æ–µ –ø
                                                  —Ä–æ–≥—Ä–∞–º–º–Ω–æ–µ –æ–±–...

You may provide a definition with
\DeclareUnicodeCharacter 


! Package inputenc Error: Unicode character —Ä (U+0440)
(inputenc)                not set up for use with LaTeX.

See the inputenc package documentation for explanation.
Type  H <return>  for immediate help.
 ...                                              
                                                  
l.3 ...—Å–≤–æ–±–æ–¥–Ω–æ–µ –∏ –æ—Ç–∫—Ä—ã—Ç–æ–µ –ø—Ä
                                                  –æ–≥—Ä–∞–º–º–Ω–æ–µ –æ–±–µ—...

You may provide a definition with
\DeclareUnicodeCharacter 


! Package inputenc Error: Unicode character –æ (U+043E)
(inputenc)                not set up for use with LaTeX.

See the inputenc package documentation for explanation.
Type  H <return>  for immediate help.
 ...                                              
                                                  
l.3 ...–≤–æ–±–æ–¥–Ω–æ–µ –∏ –æ—Ç–∫—Ä—ã—Ç–æ–µ –ø—Ä–æ
                                                  –≥—Ä–∞–º–º–Ω–æ–µ –æ–±–µ—Å–...

You may provide a definition with
\DeclareUnicodeCharacter 


! Package inputenc Error: Unicode character –≥ (U+0433)
(inputenc)                not set up for use with LaTeX.

See the inputenc package documentation for explanation.
Type  H <return>  for immediate help.
 ...                                              
                                                  
l.3 ...–æ–±–æ–¥–Ω–æ–µ –∏ –æ—Ç–∫—Ä—ã—Ç–æ–µ –ø—Ä–æ–≥
                                                  —Ä–∞–º–º–Ω–æ–µ –æ–±–µ—Å–ø–...

You may provide a definition with
\DeclareUnicodeCharacter 


! Package inputenc Error: Unicode character —Ä (U+0440)
(inputenc)                not set up for use with LaTeX.

See the inputenc package documentation for explanation.
Type  H <return>  for immediate help.
 ...                                              
                                                  
l.3 ...–±–æ–¥–Ω–æ–µ –∏ –æ—Ç–∫—Ä—ã—Ç–æ–µ –ø—Ä–æ–≥—Ä
                                                  –∞–º–º–Ω–æ–µ –æ–±–µ—Å–ø–µ—...

You may provide a definition with
\DeclareUnicodeCharacter 


! Package inputenc Error: Unicode character –∞ (U+0430)
(inputenc)                not set up for use with LaTeX.

See the inputenc package documentation for explanation.
Type  H <return>  for immediate help.
 ...                                              
                                                  
l.3 ...–æ–¥–Ω–æ–µ –∏ –æ—Ç–∫—Ä—ã—Ç–æ–µ –ø—Ä–æ–≥—Ä–∞
                                                  –º–º–Ω–æ–µ –æ–±–µ—Å–ø–µ—á–...

You may provide a definition with
\DeclareUnicodeCharacter 


! Package inputenc Error: Unicode character –º (U+043C)
(inputenc)                not set up for use with LaTeX.

See the inputenc package documentation for explanation.
Type  H <return>  for immediate help.
 ...                                              
                                                  
l.3 ...–¥–Ω–æ–µ –∏ –æ—Ç–∫—Ä—ã—Ç–æ–µ –ø—Ä–æ–≥—Ä–∞–º
                                                  –º–Ω–æ–µ –æ–±–µ—Å–ø–µ—á–µ–...

You may provide a definition with
\DeclareUnicodeCharacter 


! Package inputenc Error: Unicode character –º (U+043C)
(inputenc)                not set up for use with LaTeX.

See the inputenc package documentation for explanation.
Type  H <return>  for immediate help.
 ...                                              
                                                  
l.3 ...–Ω–æ–µ –∏ –æ—Ç–∫—Ä—ã—Ç–æ–µ –ø—Ä–æ–≥—Ä–∞–º–º
                                                  –Ω–æ–µ –æ–±–µ—Å–ø–µ—á–µ–Ω–...

You may provide a definition with
\DeclareUnicodeCharacter 


! Package inputenc Error: Unicode character –Ω (U+043D)
(inputenc)                not set up for use with LaTeX.

See the inputenc package documentation for explanation.
Type  H <return>  for immediate help.
 ...                                              
                                                  
l.3 ...–æ–µ –∏ –æ—Ç–∫—Ä—ã—Ç–æ–µ –ø—Ä–æ–≥—Ä–∞–º–º–Ω
                                                  –æ–µ –æ–±–µ—Å–ø–µ—á–µ–Ω–∏–...

You may provide a definition with
\DeclareUnicodeCharacter 


! Package inputenc Error: Unicode character –æ (U+043E)
(inputenc)                not set up for use with LaTeX.

See the inputenc package documentation for explanation.
Type  H <return>  for immediate help.
 ...                                              
                                                  
l.3 ...–µ –∏ –æ—Ç–∫—Ä—ã—Ç–æ–µ –ø—Ä–æ–≥—Ä–∞–º–º–Ω–æ
                                                  –µ –æ–±–µ—Å–ø–µ—á–µ–Ω–∏–µ,...

You may provide a definition with
\DeclareUnicodeCharacter 


! Package inputenc Error: Unicode character –µ (U+0435)
(inputenc)                not set up for use with LaTeX.

See the inputenc package documentation for explanation.
Type  H <return>  for immediate help.
 ...                                              
                                                  
l.3 ... –∏ –æ—Ç–∫—Ä—ã—Ç–æ–µ –ø—Ä–æ–≥—Ä–∞–º–º–Ω–æ–µ
                                                   –æ–±–µ—Å–ø–µ—á–µ–Ω–∏–µ, –...

You may provide a definition with
\DeclareUnicodeCharacter 


! Package inputenc Error: Unicode character –æ (U+043E)
(inputenc)                not set up for use with LaTeX.

See the inputenc package documentation for explanation.
Type  H <return>  for immediate help.
 ...                                              
                                                  
l.3 ... –æ—Ç–∫—Ä—ã—Ç–æ–µ –ø—Ä–æ–≥—Ä–∞–º–º–Ω–æ–µ –æ
                                                  –±–µ—Å–ø–µ—á–µ–Ω–∏–µ, –ø—Ä...

You may provide a definition with
\DeclareUnicodeCharacter 


! Package inputenc Error: Unicode character –± (U+0431)
(inputenc)                not set up for use with LaTeX.

See the inputenc package documentation for explanation.
Type  H <return>  for immediate help.
 ...                                              
                                                  
l.3 ...æ—Ç–∫—Ä—ã—Ç–æ–µ –ø—Ä–æ–≥—Ä–∞–º–º–Ω–æ–µ –æ–±
                                                  –µ—Å–ø–µ—á–µ–Ω–∏–µ, –ø—Ä–µ...

You may provide a definition with
\DeclareUnicodeCharacter 


! Package inputenc Error: Unicode character –µ (U+0435)
(inputenc)                not set up for use with LaTeX.

See the inputenc package documentation for explanation.
Type  H <return>  for immediate help.
 ...                                              
                                                  
l.3 ...Ç–∫—Ä—ã—Ç–æ–µ –ø—Ä–æ–≥—Ä–∞–º–º–Ω–æ–µ –æ–±–µ
                                                  —Å–ø–µ—á–µ–Ω–∏–µ, –ø—Ä–µ–¥...

You may provide a definition with
\DeclareUnicodeCharacter 


! Package inputenc Error: Unicode character —Å (U+0441)
(inputenc)                not set up for use with LaTeX.

See the inputenc package documentation for explanation.
Type  H <return>  for immediate help.
 ...                                              
                                                  
l.3 ...∫—Ä—ã—Ç–æ–µ –ø—Ä–æ–≥—Ä–∞–º–º–Ω–æ–µ –æ–±–µ—Å
                                                  –ø–µ—á–µ–Ω–∏–µ, –ø—Ä–µ–¥–Ω...

You may provide a definition with
\DeclareUnicodeCharacter 


! Package inputenc Error: Unicode character –ø (U+043F)
(inputenc)                not set up for use with LaTeX.

See the inputenc package documentation for explanation.
Type  H <return>  for immediate help.
 ...                                              
                                                  
l.3 ...Ä—ã—Ç–æ–µ –ø—Ä–æ–≥—Ä–∞–º–º–Ω–æ–µ –æ–±–µ—Å–ø
                                                  –µ—á–µ–Ω–∏–µ, –ø—Ä–µ–¥–Ω–∞...

You may provide a definition with
\DeclareUnicodeCharacter 


! Package inputenc Error: Unicode character –µ (U+0435)
(inputenc)                not set up for use with LaTeX.

See the inputenc package documentation for explanation.
Type  H <return>  for immediate help.
 ...                                              
                                                  
l.3 ...ã—Ç–æ–µ –ø—Ä–æ–≥—Ä–∞–º–º–Ω–æ–µ –æ–±–µ—Å–ø–µ
                                                  —á–µ–Ω–∏–µ, –ø—Ä–µ–¥–Ω–∞–∑...

You may provide a definition with
\DeclareUnicodeCharacter 


! Package inputenc Error: Unicode character —á (U+0447)
(inputenc)                not set up for use with LaTeX.

See the inputenc package documentation for explanation.
Type  H <return>  for immediate help.
 ...                                              
                                                  
l.3 ...Ç–æ–µ –ø—Ä–æ–≥—Ä–∞–º–º–Ω–æ–µ –æ–±–µ—Å–ø–µ—á
                                                  –µ–Ω–∏–µ, –ø—Ä–µ–¥–Ω–∞–∑–Ω...

You may provide a definition with
\DeclareUnicodeCharacter 


! Package inputenc Error: Unicode character –µ (U+0435)
(inputenc)                not set up for use with LaTeX.

See the inputenc package documentation for explanation.
Type  H <return>  for immediate help.
 ...                                              
                                                  
l.3 ...æ–µ –ø—Ä–æ–≥—Ä–∞–º–º–Ω–æ–µ –æ–±–µ—Å–ø–µ—á–µ
                                                  –Ω–∏–µ, –ø—Ä–µ–¥–Ω–∞–∑–Ω–∞...

You may provide a definition with
\DeclareUnicodeCharacter 


! Package inputenc Error: Unicode character –Ω (U+043D)
(inputenc)                not set up for use with LaTeX.

See the inputenc package documentation for explanation.
Type  H <return>  for immediate help.
 ...                                              
                                                  
l.3 ...µ –ø—Ä–æ–≥—Ä–∞–º–º–Ω–æ–µ –æ–±–µ—Å–ø–µ—á–µ–Ω
                                                  –∏–µ, –ø—Ä–µ–¥–Ω–∞–∑–Ω–∞—á...

You may provide a definition with
\DeclareUnicodeCharacter 


! Package inputenc Error: Unicode character –∏ (U+0438)
(inputenc)                not set up for use with LaTeX.

See the inputenc package documentation for explanation.
Type  H <return>  for immediate help.
 ...                                              
                                                  
l.3 ...–ø—Ä–æ–≥—Ä–∞–º–º–Ω–æ–µ –æ–±–µ—Å–ø–µ—á–µ–Ω–∏
                                                  –µ, –ø—Ä–µ–¥–Ω–∞–∑–Ω–∞—á–µ...

You may provide a definition with
\DeclareUnicodeCharacter 


! Package inputenc Error: Unicode character –µ (U+0435)
(inputenc)                not set up for use with LaTeX.

See the inputenc package documentation for explanation.
Type  H <return>  for immediate help.
 ...                                              
                                                  
l.3 ...—Ä–æ–≥—Ä–∞–º–º–Ω–æ–µ –æ–±–µ—Å–ø–µ—á–µ–Ω–∏–µ
                                                  , –ø—Ä–µ–¥–Ω–∞–∑–Ω–∞—á–µ–Ω...

You may provide a definition with
\DeclareUnicodeCharacter 

Missing character: There is no , in font nullfont!

! Package inputenc Error: Unicode character –ø (U+043F)
(inputenc)                not set up for use with LaTeX.

See the inputenc package documentation for explanation.
Type  H <return>  for immediate help.
 ...                                              
                                                  
l.3 ...–≥—Ä–∞–º–º–Ω–æ–µ –æ–±–µ—Å–ø–µ—á–µ–Ω–∏–µ, –ø
                                                  —Ä–µ–¥–Ω–∞–∑–Ω–∞—á–µ–Ω–Ω–æ...

You may provide a definition with
\DeclareUnicodeCharacter 


! Package inputenc Error: Unicode character —Ä (U+0440)
(inputenc)                not set up for use with LaTeX.

See the inputenc package documentation for explanation.
Type  H <return>  for immediate help.
 ...                                              
                                                  
l.3 ...—Ä–∞–º–º–Ω–æ–µ –æ–±–µ—Å–ø–µ—á–µ–Ω–∏–µ, –ø—Ä
                                                  –µ–¥–Ω–∞–∑–Ω–∞—á–µ–Ω–Ω–æ–µ...

You may provide a definition with
\DeclareUnicodeCharacter 


! Package inputenc Error: Unicode character –µ (U+0435)
(inputenc)                not set up for use with LaTeX.

See the inputenc package documentation for explanation.
Type  H <return>  for immediate help.
 ...                                              
                                                  
l.3 ...–∞–º–º–Ω–æ–µ –æ–±–µ—Å–ø–µ—á–µ–Ω–∏–µ, –ø—Ä–µ
                                                  –¥–Ω–∞–∑–Ω–∞—á–µ–Ω–Ω–æ–µ –...

You may provide a definition with
\DeclareUnicodeCharacter 


! Package inputenc Error: Unicode character –¥ (U+0434)
(inputenc)                not set up for use with LaTeX.

See the inputenc package documentation for explanation.
Type  H <return>  for immediate help.
 ...                                              
                                                  
l.3 ...–º–º–Ω–æ–µ –æ–±–µ—Å–ø–µ—á–µ–Ω–∏–µ, –ø—Ä–µ–¥
                                                  –Ω–∞–∑–Ω–∞—á–µ–Ω–Ω–æ–µ –¥–...

You may provide a definition with
\DeclareUnicodeCharacter 


! Package inputenc Error: Unicode character –Ω (U+043D)
(inputenc)                not set up for use with LaTeX.

See the inputenc package documentation for explanation.
Type  H <return>  for immediate help.
 ...                                              
                                                  
l.3 ...–º–Ω–æ–µ –æ–±–µ—Å–ø–µ—á–µ–Ω–∏–µ, –ø—Ä–µ–¥–Ω
                                                  –∞–∑–Ω–∞—á–µ–Ω–Ω–æ–µ –¥–ª—...

You may provide a definition with
\DeclareUnicodeCharacter 


! Package inputenc Error: Unicode character –∞ (U+0430)
(inputenc)                not set up for use with LaTeX.

See the inputenc package documentation for explanation.
Type  H <return>  for immediate help.
 ...                                              
                                                  
l.3 ...–Ω–æ–µ –æ–±–µ—Å–ø–µ—á–µ–Ω–∏–µ, –ø—Ä–µ–¥–Ω–∞
                                                  –∑–Ω–∞—á–µ–Ω–Ω–æ–µ –¥–ª—è ...

You may provide a definition with
\DeclareUnicodeCharacter 


! Package inputenc Error: Unicode character –∑ (U+0437)
(inputenc)                not set up for use with LaTeX.

See the inputenc package documentation for explanation.
Type  H <return>  for immediate help.
 ...                                              
                                                  
l.3 ...–æ–µ –æ–±–µ—Å–ø–µ—á–µ–Ω–∏–µ, –ø—Ä–µ–¥–Ω–∞–∑
                                                  –Ω–∞—á–µ–Ω–Ω–æ–µ –¥–ª—è —Å...

You may provide a definition with
\DeclareUnicodeCharacter 


! Package inputenc Error: Unicode character –Ω (U+043D)
(inputenc)                not set up for use with LaTeX.

See the inputenc package documentation for explanation.
Type  H <return>  for immediate help.
 ...                                              
                                                  
l.3 ...–µ –æ–±–µ—Å–ø–µ—á–µ–Ω–∏–µ, –ø—Ä–µ–¥–Ω–∞–∑–Ω
                                                  –∞—á–µ–Ω–Ω–æ–µ –¥–ª—è —Å–æ...

You may provide a definition with
\DeclareUnicodeCharacter 


! Package inputenc Error: Unicode character –∞ (U+0430)
(inputenc)                not set up for use with LaTeX.

See the inputenc package documentation for explanation.
Type  H <return>  for immediate help.
 ...                                              
                                                  
l.3 ... –æ–±–µ—Å–ø–µ—á–µ–Ω–∏–µ, –ø—Ä–µ–¥–Ω–∞–∑–Ω–∞
                                                  —á–µ–Ω–Ω–æ–µ –¥–ª—è —Å–æ–∑...

You may provide a definition with
\DeclareUnicodeCharacter 


! Package inputenc Error: Unicode character —á (U+0447)
(inputenc)                not set up for use with LaTeX.

See the inputenc package documentation for explanation.
Type  H <return>  for immediate help.
 ...                                              
                                                  
l.3 ...æ–±–µ—Å–ø–µ—á–µ–Ω–∏–µ, –ø—Ä–µ–¥–Ω–∞–∑–Ω–∞—á
                                                  –µ–Ω–Ω–æ–µ –¥–ª—è —Å–æ–∑–¥...

You may provide a definition with
\DeclareUnicodeCharacter 


! Package inputenc Error: Unicode character –µ (U+0435)
(inputenc)                not set up for use with LaTeX.

See the inputenc package documentation for explanation.
Type  H <return>  for immediate help.
 ...                                              
                                                  
l.3 ...±–µ—Å–ø–µ—á–µ–Ω–∏–µ, –ø—Ä–µ–¥–Ω–∞–∑–Ω–∞—á–µ
                                                  –Ω–Ω–æ–µ –¥–ª—è —Å–æ–∑–¥–∞...

You may provide a definition with
\DeclareUnicodeCharacter 


! Package inputenc Error: Unicode character –Ω (U+043D)
(inputenc)                not set up for use with LaTeX.

See the inputenc package documentation for explanation.
Type  H <return>  for immediate help.
 ...                                              
                                                  
l.3 ...µ—Å–ø–µ—á–µ–Ω–∏–µ, –ø—Ä–µ–¥–Ω–∞–∑–Ω–∞—á–µ–Ω
                                                  –Ω–æ–µ –¥–ª—è —Å–æ–∑–¥–∞–Ω...

You may provide a definition with
\DeclareUnicodeCharacter 


! Package inputenc Error: Unicode character –Ω (U+043D)
(inputenc)                not set up for use with LaTeX.

See the inputenc package documentation for explanation.
Type  H <return>  for immediate help.
 ...                                              
                                                  
l.3 ...Å–ø–µ—á–µ–Ω–∏–µ, –ø—Ä–µ–¥–Ω–∞–∑–Ω–∞—á–µ–Ω–Ω
                                                  –æ–µ –¥–ª—è —Å–æ–∑–¥–∞–Ω–∏...

You may provide a definition with
\DeclareUnicodeCharacter 


! Package inputenc Error: Unicode character –æ (U+043E)
(inputenc)                not set up for use with LaTeX.

See the inputenc package documentation for explanation.
Type  H <return>  for immediate help.
 ...                                              
                                                  
l.3 ...ø–µ—á–µ–Ω–∏–µ, –ø—Ä–µ–¥–Ω–∞–∑–Ω–∞—á–µ–Ω–Ω–æ
                                                  –µ –¥–ª—è —Å–æ–∑–¥–∞–Ω–∏—è...

You may provide a definition with
\DeclareUnicodeCharacter 


! Package inputenc Error: Unicode character –µ (U+0435)
(inputenc)                not set up for use with LaTeX.

See the inputenc package documentation for explanation.
Type  H <return>  for immediate help.
 ...                                              
                                                  
l.3 ...µ—á–µ–Ω–∏–µ, –ø—Ä–µ–¥–Ω–∞–∑–Ω–∞—á–µ–Ω–Ω–æ–µ
                                                   –¥–ª—è —Å–æ–∑–¥–∞–Ω–∏—è —...

You may provide a definition with
\DeclareUnicodeCharacter 


! Package inputenc Error: Unicode character –¥ (U+0434)
(inputenc)                not set up for use with LaTeX.

See the inputenc package documentation for explanation.
Type  H <return>  for immediate help.
 ...                                              
                                                  
l.3 ...–µ–Ω–∏–µ, –ø—Ä–µ–¥–Ω–∞–∑–Ω–∞—á–µ–Ω–Ω–æ–µ –¥
                                                  –ª—è —Å–æ–∑–¥–∞–Ω–∏—è —Ç—Ä...

You may provide a definition with
\DeclareUnicodeCharacter 


! Package inputenc Error: Unicode character –ª (U+043B)
(inputenc)                not set up for use with LaTeX.

See the inputenc package documentation for explanation.
Type  H <return>  for immediate help.
 ...                                              
                                                  
l.3 ...–Ω–∏–µ, –ø—Ä–µ–¥–Ω–∞–∑–Ω–∞—á–µ–Ω–Ω–æ–µ –¥–ª
                                                  —è —Å–æ–∑–¥–∞–Ω–∏—è —Ç—Ä–µ...
(That makes 100 errors; please try again.) 
Here is how much of TeX's memory you used:
 32 strings out of 492895
 532 string characters out of 3139543
 57610 words of memory out of 3000000
 4047 multiletter control sequences out of 15000+200000
 3640 words of font info for 14 fonts, out of 3000000 for 9000
 1141 hyphenation exceptions out of 8191
 10i,0n,10p,353b,32s stack positions out of 5000i,500n,10000p,200000b,50000s

!  ==> Fatal error occurred, no output PDF file produced!
