This is pdfTeX, Version 3.14159265-2.6-1.40.20 (MiKTeX 2.9.7050 64-bit) (preloaded format=pdflatex 2019.6.14)  22 MAY 2020 00:59
entering extended mode
**./zz1-proektirovanie.tex
(zz1-proektirovanie.tex
LaTeX2e <2018-12-01>
! Undefined control sequence.
l.1 \section
            {–ü—Ä–æ–µ–∫—Ç–∏—Ä–æ–≤–∞–Ω–∏–µ —Å–∏—Å—Ç–µ–º—ã –ø–ª–∞–≥–∏–Ω–∞ –∑–∞...
The control sequence at the end of the top line
of your error message was never \def'ed. If you have
misspelled it (e.g., `\hobx'), type `I' and the correct
spelling (e.g., `I\hbox'). Otherwise just continue,
and I'll forget about whatever was undefined.


! Package inputenc Error: Unicode character –ü (U+041F)
(inputenc)                not set up for use with LaTeX.

See the inputenc package documentation for explanation.
Type  H <return>  for immediate help.
 ...                                              
                                                  
l.1 \section{–ü
               —Ä–æ–µ–∫—Ç–∏—Ä–æ–≤–∞–Ω–∏–µ —Å–∏—Å—Ç–µ–º—ã –ø–ª–∞–≥–∏–Ω–∞ –∑–∞...

You may provide a definition with
\DeclareUnicodeCharacter 


! Package inputenc Error: Unicode character —Ä (U+0440)
(inputenc)                not set up for use with LaTeX.

See the inputenc package documentation for explanation.
Type  H <return>  for immediate help.
 ...                                              
                                                  
l.1 \section{–ü—Ä
                 –æ–µ–∫—Ç–∏—Ä–æ–≤–∞–Ω–∏–µ —Å–∏—Å—Ç–µ–º—ã –ø–ª–∞–≥–∏–Ω–∞ –∑–∞...

You may provide a definition with
\DeclareUnicodeCharacter 


! Package inputenc Error: Unicode character –æ (U+043E)
(inputenc)                not set up for use with LaTeX.

See the inputenc package documentation for explanation.
Type  H <return>  for immediate help.
 ...                                              
                                                  
l.1 \section{–ü—Ä–æ
                   –µ–∫—Ç–∏—Ä–æ–≤–∞–Ω–∏–µ —Å–∏—Å—Ç–µ–º—ã –ø–ª–∞–≥–∏–Ω–∞ –∑–∞...

You may provide a definition with
\DeclareUnicodeCharacter 


! Package inputenc Error: Unicode character –µ (U+0435)
(inputenc)                not set up for use with LaTeX.

See the inputenc package documentation for explanation.
Type  H <return>  for immediate help.
 ...                                              
                                                  
l.1 \section{–ü—Ä–æ–µ
                     –∫—Ç–∏—Ä–æ–≤–∞–Ω–∏–µ —Å–∏—Å—Ç–µ–º—ã –ø–ª–∞–≥–∏–Ω–∞ –∑–∞...

You may provide a definition with
\DeclareUnicodeCharacter 


! Package inputenc Error: Unicode character –∫ (U+043A)
(inputenc)                not set up for use with LaTeX.

See the inputenc package documentation for explanation.
Type  H <return>  for immediate help.
 ...                                              
                                                  
l.1 \section{–ü—Ä–æ–µ–∫
                       —Ç–∏—Ä–æ–≤–∞–Ω–∏–µ —Å–∏—Å—Ç–µ–º—ã –ø–ª–∞–≥–∏–Ω–∞ –∑–∞...

You may provide a definition with
\DeclareUnicodeCharacter 


! Package inputenc Error: Unicode character —Ç (U+0442)
(inputenc)                not set up for use with LaTeX.

See the inputenc package documentation for explanation.
Type  H <return>  for immediate help.
 ...                                              
                                                  
l.1 \section{–ü—Ä–æ–µ–∫—Ç
                         –∏—Ä–æ–≤–∞–Ω–∏–µ —Å–∏—Å—Ç–µ–º—ã –ø–ª–∞–≥–∏–Ω–∞ –∑–∞...

You may provide a definition with
\DeclareUnicodeCharacter 


! Package inputenc Error: Unicode character –∏ (U+0438)
(inputenc)                not set up for use with LaTeX.

See the inputenc package documentation for explanation.
Type  H <return>  for immediate help.
 ...                                              
                                                  
l.1 \section{–ü—Ä–æ–µ–∫—Ç–∏
                           —Ä–æ–≤–∞–Ω–∏–µ —Å–∏—Å—Ç–µ–º—ã –ø–ª–∞–≥–∏–Ω–∞ –∑–∞...

You may provide a definition with
\DeclareUnicodeCharacter 


! Package inputenc Error: Unicode character —Ä (U+0440)
(inputenc)                not set up for use with LaTeX.

See the inputenc package documentation for explanation.
Type  H <return>  for immediate help.
 ...                                              
                                                  
l.1 \section{–ü—Ä–æ–µ–∫—Ç–∏—Ä
                             –æ–≤–∞–Ω–∏–µ —Å–∏—Å—Ç–µ–º—ã –ø–ª–∞–≥–∏–Ω–∞ –∑–∞...

You may provide a definition with
\DeclareUnicodeCharacter 


! Package inputenc Error: Unicode character –æ (U+043E)
(inputenc)                not set up for use with LaTeX.

See the inputenc package documentation for explanation.
Type  H <return>  for immediate help.
 ...                                              
                                                  
l.1 \section{–ü—Ä–æ–µ–∫—Ç–∏—Ä–æ
                               –≤–∞–Ω–∏–µ —Å–∏—Å—Ç–µ–º—ã –ø–ª–∞–≥–∏–Ω–∞ –∑–∞...

You may provide a definition with
\DeclareUnicodeCharacter 


! Package inputenc Error: Unicode character –≤ (U+0432)
(inputenc)                not set up for use with LaTeX.

See the inputenc package documentation for explanation.
Type  H <return>  for immediate help.
 ...                                              
                                                  
l.1 \section{–ü—Ä–æ–µ–∫—Ç–∏—Ä–æ–≤
                                 –∞–Ω–∏–µ —Å–∏—Å—Ç–µ–º—ã –ø–ª–∞–≥–∏–Ω–∞ –∑–∞...

You may provide a definition with
\DeclareUnicodeCharacter 


! Package inputenc Error: Unicode character –∞ (U+0430)
(inputenc)                not set up for use with LaTeX.

See the inputenc package documentation for explanation.
Type  H <return>  for immediate help.
 ...                                              
                                                  
l.1 \section{–ü—Ä–æ–µ–∫—Ç–∏—Ä–æ–≤–∞
                                   –Ω–∏–µ —Å–∏—Å—Ç–µ–º—ã –ø–ª–∞–≥–∏–Ω–∞ –∑–∞...

You may provide a definition with
\DeclareUnicodeCharacter 


! Package inputenc Error: Unicode character –Ω (U+043D)
(inputenc)                not set up for use with LaTeX.

See the inputenc package documentation for explanation.
Type  H <return>  for immediate help.
 ...                                              
                                                  
l.1 \section{–ü—Ä–æ–µ–∫—Ç–∏—Ä–æ–≤–∞–Ω
                                     –∏–µ —Å–∏—Å—Ç–µ–º—ã –ø–ª–∞–≥–∏–Ω–∞ –∑–∞...

You may provide a definition with
\DeclareUnicodeCharacter 


! Package inputenc Error: Unicode character –∏ (U+0438)
(inputenc)                not set up for use with LaTeX.

See the inputenc package documentation for explanation.
Type  H <return>  for immediate help.
 ...                                              
                                                  
l.1 \section{–ü—Ä–æ–µ–∫—Ç–∏—Ä–æ–≤–∞–Ω–∏
                                       –µ —Å–∏—Å—Ç–µ–º—ã –ø–ª–∞–≥–∏–Ω–∞ –∑–∞...

You may provide a definition with
\DeclareUnicodeCharacter 


! Package inputenc Error: Unicode character –µ (U+0435)
(inputenc)                not set up for use with LaTeX.

See the inputenc package documentation for explanation.
Type  H <return>  for immediate help.
 ...                                              
                                                  
l.1 \section{–ü—Ä–æ–µ–∫—Ç–∏—Ä–æ–≤–∞–Ω–∏–µ
                                          —Å–∏—Å—Ç–µ–º—ã –ø–ª–∞–≥–∏–Ω–∞ –∑–∞...

You may provide a definition with
\DeclareUnicodeCharacter 


! Package inputenc Error: Unicode character —Å (U+0441)
(inputenc)                not set up for use with LaTeX.

See the inputenc package documentation for explanation.
Type  H <return>  for immediate help.
 ...                                              
                                                  
l.1 \section{–ü—Ä–æ–µ–∫—Ç–∏—Ä–æ–≤–∞–Ω–∏–µ —Å
                                            –∏—Å—Ç–µ–º—ã –ø–ª–∞–≥–∏–Ω–∞ –∑–∞...

You may provide a definition with
\DeclareUnicodeCharacter 


! Package inputenc Error: Unicode character –∏ (U+0438)
(inputenc)                not set up for use with LaTeX.

See the inputenc package documentation for explanation.
Type  H <return>  for immediate help.
 ...                                              
                                                  
l.1 \section{–ü—Ä–æ–µ–∫—Ç–∏—Ä–æ–≤–∞–Ω–∏–µ —Å–∏
                                              —Å—Ç–µ–º—ã –ø–ª–∞–≥–∏–Ω–∞ –∑–∞...

You may provide a definition with
\DeclareUnicodeCharacter 


! Package inputenc Error: Unicode character —Å (U+0441)
(inputenc)                not set up for use with LaTeX.

See the inputenc package documentation for explanation.
Type  H <return>  for immediate help.
 ...                                              
                                                  
l.1 \section{–ü—Ä–æ–µ–∫—Ç–∏—Ä–æ–≤–∞–Ω–∏–µ —Å–∏—Å
                                                —Ç–µ–º—ã –ø–ª–∞–≥–∏–Ω–∞ –∑–∞...

You may provide a definition with
\DeclareUnicodeCharacter 


! Package inputenc Error: Unicode character —Ç (U+0442)
(inputenc)                not set up for use with LaTeX.

See the inputenc package documentation for explanation.
Type  H <return>  for immediate help.
 ...                                              
                                                  
l.1 \section{–ü—Ä–æ–µ–∫—Ç–∏—Ä–æ–≤–∞–Ω–∏–µ —Å–∏—Å—Ç
                                                  –µ–º—ã –ø–ª–∞–≥–∏–Ω–∞ –∑–∞...

You may provide a definition with
\DeclareUnicodeCharacter 


! Package inputenc Error: Unicode character –µ (U+0435)
(inputenc)                not set up for use with LaTeX.

See the inputenc package documentation for explanation.
Type  H <return>  for immediate help.
 ...                                              
                                                  
l.1 ...ion{–ü—Ä–æ–µ–∫—Ç–∏—Ä–æ–≤–∞–Ω–∏–µ —Å–∏—Å—Ç–µ
                                                  –º—ã –ø–ª–∞–≥–∏–Ω–∞ –∑–∞—Ö...

You may provide a definition with
\DeclareUnicodeCharacter 


! Package inputenc Error: Unicode character –º (U+043C)
(inputenc)                not set up for use with LaTeX.

See the inputenc package documentation for explanation.
Type  H <return>  for immediate help.
 ...                                              
                                                  
l.1 ...n{–ü—Ä–æ–µ–∫—Ç–∏—Ä–æ–≤–∞–Ω–∏–µ —Å–∏—Å—Ç–µ–º
                                                  —ã –ø–ª–∞–≥–∏–Ω–∞ –∑–∞—Ö–≤...

You may provide a definition with
\DeclareUnicodeCharacter 


! Package inputenc Error: Unicode character —ã (U+044B)
(inputenc)                not set up for use with LaTeX.

See the inputenc package documentation for explanation.
Type  H <return>  for immediate help.
 ...                                              
                                                  
l.1 ...–ü—Ä–æ–µ–∫—Ç–∏—Ä–æ–≤–∞–Ω–∏–µ —Å–∏—Å—Ç–µ–º—ã
                                                   –ø–ª–∞–≥–∏–Ω–∞ –∑–∞—Ö–≤–∞...

You may provide a definition with
\DeclareUnicodeCharacter 


! Package inputenc Error: Unicode character –ø (U+043F)
(inputenc)                not set up for use with LaTeX.

See the inputenc package documentation for explanation.
Type  H <return>  for immediate help.
 ...                                              
                                                  
l.1 ...Ä–æ–µ–∫—Ç–∏—Ä–æ–≤–∞–Ω–∏–µ —Å–∏—Å—Ç–µ–º—ã –ø
                                                  –ª–∞–≥–∏–Ω–∞ –∑–∞—Ö–≤–∞—Ç–...

You may provide a definition with
\DeclareUnicodeCharacter 


! Package inputenc Error: Unicode character –ª (U+043B)
(inputenc)                not set up for use with LaTeX.

See the inputenc package documentation for explanation.
Type  H <return>  for immediate help.
 ...                                              
                                                  
l.1 ...æ–µ–∫—Ç–∏—Ä–æ–≤–∞–Ω–∏–µ —Å–∏—Å—Ç–µ–º—ã –ø–ª
                                                  –∞–≥–∏–Ω–∞ –∑–∞—Ö–≤–∞—Ç–∞ ...

You may provide a definition with
\DeclareUnicodeCharacter 


! Package inputenc Error: Unicode character –∞ (U+0430)
(inputenc)                not set up for use with LaTeX.

See the inputenc package documentation for explanation.
Type  H <return>  for immediate help.
 ...                                              
                                                  
l.1 ...µ–∫—Ç–∏—Ä–æ–≤–∞–Ω–∏–µ —Å–∏—Å—Ç–µ–º—ã –ø–ª–∞
                                                  –≥–∏–Ω–∞ –∑–∞—Ö–≤–∞—Ç–∞ –¥...

You may provide a definition with
\DeclareUnicodeCharacter 


! Package inputenc Error: Unicode character –≥ (U+0433)
(inputenc)                not set up for use with LaTeX.

See the inputenc package documentation for explanation.
Type  H <return>  for immediate help.
 ...                                              
                                                  
l.1 ...∫—Ç–∏—Ä–æ–≤–∞–Ω–∏–µ —Å–∏—Å—Ç–µ–º—ã –ø–ª–∞–≥
                                                  –∏–Ω–∞ –∑–∞—Ö–≤–∞—Ç–∞ –¥–≤...

You may provide a definition with
\DeclareUnicodeCharacter 


! Package inputenc Error: Unicode character –∏ (U+0438)
(inputenc)                not set up for use with LaTeX.

See the inputenc package documentation for explanation.
Type  H <return>  for immediate help.
 ...                                              
                                                  
l.1 ...Ç–∏—Ä–æ–≤–∞–Ω–∏–µ —Å–∏—Å—Ç–µ–º—ã –ø–ª–∞–≥–∏
                                                  –Ω–∞ –∑–∞—Ö–≤–∞—Ç–∞ –¥–≤–∏...

You may provide a definition with
\DeclareUnicodeCharacter 


! Package inputenc Error: Unicode character –Ω (U+043D)
(inputenc)                not set up for use with LaTeX.

See the inputenc package documentation for explanation.
Type  H <return>  for immediate help.
 ...                                              
                                                  
l.1 ...∏—Ä–æ–≤–∞–Ω–∏–µ —Å–∏—Å—Ç–µ–º—ã –ø–ª–∞–≥–∏–Ω
                                                  –∞ –∑–∞—Ö–≤–∞—Ç–∞ –¥–≤–∏–∂...

You may provide a definition with
\DeclareUnicodeCharacter 


! Package inputenc Error: Unicode character –∞ (U+0430)
(inputenc)                not set up for use with LaTeX.

See the inputenc package documentation for explanation.
Type  H <return>  for immediate help.
 ...                                              
                                                  
l.1 ...Ä–æ–≤–∞–Ω–∏–µ —Å–∏—Å—Ç–µ–º—ã –ø–ª–∞–≥–∏–Ω–∞
                                                   –∑–∞—Ö–≤–∞—Ç–∞ –¥–≤–∏–∂–µ...

You may provide a definition with
\DeclareUnicodeCharacter 


! Package inputenc Error: Unicode character –∑ (U+0437)
(inputenc)                not set up for use with LaTeX.

See the inputenc package documentation for explanation.
Type  H <return>  for immediate help.
 ...                                              
                                                  
l.1 ...–≤–∞–Ω–∏–µ —Å–∏—Å—Ç–µ–º—ã –ø–ª–∞–≥–∏–Ω–∞ –∑
                                                  –∞—Ö–≤–∞—Ç–∞ –¥–≤–∏–∂–µ–Ω–...

You may provide a definition with
\DeclareUnicodeCharacter 


! Package inputenc Error: Unicode character –∞ (U+0430)
(inputenc)                not set up for use with LaTeX.

See the inputenc package documentation for explanation.
Type  H <return>  for immediate help.
 ...                                              
                                                  
l.1 ...–∞–Ω–∏–µ —Å–∏—Å—Ç–µ–º—ã –ø–ª–∞–≥–∏–Ω–∞ –∑–∞
                                                  —Ö–≤–∞—Ç–∞ –¥–≤–∏–∂–µ–Ω–∏–π}
You may provide a definition with
\DeclareUnicodeCharacter 


! Package inputenc Error: Unicode character —Ö (U+0445)
(inputenc)                not set up for use with LaTeX.

See the inputenc package documentation for explanation.
Type  H <return>  for immediate help.
 ...                                              
                                                  
l.1 ...–Ω–∏–µ —Å–∏—Å—Ç–µ–º—ã –ø–ª–∞–≥–∏–Ω–∞ –∑–∞—Ö
                                                  –≤–∞—Ç–∞ –¥–≤–∏–∂–µ–Ω–∏–π}
You may provide a definition with
\DeclareUnicodeCharacter 


! Package inputenc Error: Unicode character –≤ (U+0432)
(inputenc)                not set up for use with LaTeX.

See the inputenc package documentation for explanation.
Type  H <return>  for immediate help.
 ...                                              
                                                  
l.1 ...–∏–µ —Å–∏—Å—Ç–µ–º—ã –ø–ª–∞–≥–∏–Ω–∞ –∑–∞—Ö–≤
                                                  –∞—Ç–∞ –¥–≤–∏–∂–µ–Ω–∏–π}
You may provide a definition with
\DeclareUnicodeCharacter 


! Package inputenc Error: Unicode character –∞ (U+0430)
(inputenc)                not set up for use with LaTeX.

See the inputenc package documentation for explanation.
Type  H <return>  for immediate help.
 ...                                              
                                                  
l.1 ...–µ —Å–∏—Å—Ç–µ–º—ã –ø–ª–∞–≥–∏–Ω–∞ –∑–∞—Ö–≤–∞
                                                  —Ç–∞ –¥–≤–∏–∂–µ–Ω–∏–π}
You may provide a definition with
\DeclareUnicodeCharacter 


! Package inputenc Error: Unicode character —Ç (U+0442)
(inputenc)                not set up for use with LaTeX.

See the inputenc package documentation for explanation.
Type  H <return>  for immediate help.
 ...                                              
                                                  
l.1 ... —Å–∏—Å—Ç–µ–º—ã –ø–ª–∞–≥–∏–Ω–∞ –∑–∞—Ö–≤–∞—Ç
                                                  –∞ –¥–≤–∏–∂–µ–Ω–∏–π}
You may provide a definition with
\DeclareUnicodeCharacter 


! Package inputenc Error: Unicode character –∞ (U+0430)
(inputenc)                not set up for use with LaTeX.

See the inputenc package documentation for explanation.
Type  H <return>  for immediate help.
 ...                                              
                                                  
l.1 ...Å–∏—Å—Ç–µ–º—ã –ø–ª–∞–≥–∏–Ω–∞ –∑–∞—Ö–≤–∞—Ç–∞
                                                   –¥–≤–∏–∂–µ–Ω–∏–π}
You may provide a definition with
\DeclareUnicodeCharacter 


! Package inputenc Error: Unicode character –¥ (U+0434)
(inputenc)                not set up for use with LaTeX.

See the inputenc package documentation for explanation.
Type  H <return>  for immediate help.
 ...                                              
                                                  
l.1 ...—Å—Ç–µ–º—ã –ø–ª–∞–≥–∏–Ω–∞ –∑–∞—Ö–≤–∞—Ç–∞ –¥
                                                  –≤–∏–∂–µ–Ω–∏–π}
You may provide a definition with
\DeclareUnicodeCharacter 


! Package inputenc Error: Unicode character –≤ (U+0432)
(inputenc)                not set up for use with LaTeX.

See the inputenc package documentation for explanation.
Type  H <return>  for immediate help.
 ...                                              
                                                  
l.1 ...—Ç–µ–º—ã –ø–ª–∞–≥–∏–Ω–∞ –∑–∞—Ö–≤–∞—Ç–∞ –¥–≤
                                                  –∏–∂–µ–Ω–∏–π}
You may provide a definition with
\DeclareUnicodeCharacter 


! Package inputenc Error: Unicode character –∏ (U+0438)
(inputenc)                not set up for use with LaTeX.

See the inputenc package documentation for explanation.
Type  H <return>  for immediate help.
 ...                                              
                                                  
l.1 ...–µ–º—ã –ø–ª–∞–≥–∏–Ω–∞ –∑–∞—Ö–≤–∞—Ç–∞ –¥–≤–∏
                                                  –∂–µ–Ω–∏–π}
You may provide a definition with
\DeclareUnicodeCharacter 


! Package inputenc Error: Unicode character –∂ (U+0436)
(inputenc)                not set up for use with LaTeX.

See the inputenc package documentation for explanation.
Type  H <return>  for immediate help.
 ...                                              
                                                  
l.1 ...–º—ã –ø–ª–∞–≥–∏–Ω–∞ –∑–∞—Ö–≤–∞—Ç–∞ –¥–≤–∏–∂
                                                  –µ–Ω–∏–π}
You may provide a definition with
\DeclareUnicodeCharacter 


! Package inputenc Error: Unicode character –µ (U+0435)
(inputenc)                not set up for use with LaTeX.

See the inputenc package documentation for explanation.
Type  H <return>  for immediate help.
 ...                                              
                                                  
l.1 ...—ã –ø–ª–∞–≥–∏–Ω–∞ –∑–∞—Ö–≤–∞—Ç–∞ –¥–≤–∏–∂–µ
                                                  –Ω–∏–π}
You may provide a definition with
\DeclareUnicodeCharacter 


! Package inputenc Error: Unicode character –Ω (U+043D)
(inputenc)                not set up for use with LaTeX.

See the inputenc package documentation for explanation.
Type  H <return>  for immediate help.
 ...                                              
                                                  
l.1 ... –ø–ª–∞–≥–∏–Ω–∞ –∑–∞—Ö–≤–∞—Ç–∞ –¥–≤–∏–∂–µ–Ω
                                                  –∏–π}
You may provide a definition with
\DeclareUnicodeCharacter 


! Package inputenc Error: Unicode character –∏ (U+0438)
(inputenc)                not set up for use with LaTeX.

See the inputenc package documentation for explanation.
Type  H <return>  for immediate help.
 ...                                              
                                                  
l.1 ...ø–ª–∞–≥–∏–Ω–∞ –∑–∞—Ö–≤–∞—Ç–∞ –¥–≤–∏–∂–µ–Ω–∏
                                                  –π}
You may provide a definition with
\DeclareUnicodeCharacter 


! Package inputenc Error: Unicode character –π (U+0439)
(inputenc)                not set up for use with LaTeX.

See the inputenc package documentation for explanation.
Type  H <return>  for immediate help.
 ...                                              
                                                  
l.1 ...ª–∞–≥–∏–Ω–∞ –∑–∞—Ö–≤–∞—Ç–∞ –¥–≤–∏–∂–µ–Ω–∏–π
                                                  }
You may provide a definition with
\DeclareUnicodeCharacter 

)
! Emergency stop.
<*> ./zz1-proektirovanie.tex
                            
*** (job aborted, no legal \end found)

 
Here is how much of TeX's memory you used:
 28 strings out of 492895
 323 string characters out of 3139543
 57609 words of memory out of 3000000
 4044 multiletter control sequences out of 15000+200000
 3640 words of font info for 14 fonts, out of 3000000 for 9000
 1141 hyphenation exceptions out of 8191
 10i,0n,10p,133b,37s stack positions out of 5000i,500n,10000p,200000b,50000s
!  ==> Fatal error occurred, no output PDF file produced!
